[1.567s] Invoking command in '/home/dz/Desktop/uni/SEM 7/TOOLS&SOFTWARE/ros2_project/ros2_ws/src/camera_driver': DEBUGINFOD_URLS=https://debuginfod.ubuntu.com PYTHONPATH=/home/dz/Desktop/uni/SEM 7/TOOLS&SOFTWARE/ros2_project/ros2_ws/build/camera_driver/prefix_override:/usr/lib/python3/dist-packages/colcon_core/task/python/colcon_distutils_commands:/home/dz/Desktop/uni/SEM 7/TOOLS&SOFTWARE/ros2_project/ros2_ws/install/camera_driver/lib/python3.12/site-packages: /usr/bin/python3 -W ignore:setup.py install is deprecated -W ignore:easy_install command is deprecated setup.py egg_info --egg-base ../../build/camera_driver build --build-base /home/dz/Desktop/uni/SEM 7/TOOLS&SOFTWARE/ros2_project/ros2_ws/build/camera_driver/build install --record /home/dz/Desktop/uni/SEM 7/TOOLS&SOFTWARE/ros2_project/ros2_ws/build/camera_driver/install.log --single-version-externally-managed install_data
[2.013s] running egg_info
[2.040s] writing ../../build/camera_driver/camera_driver.egg-info/PKG-INFO
[2.041s] writing dependency_links to ../../build/camera_driver/camera_driver.egg-info/dependency_links.txt
[2.042s] writing entry points to ../../build/camera_driver/camera_driver.egg-info/entry_points.txt
[2.042s] writing requirements to ../../build/camera_driver/camera_driver.egg-info/requires.txt
[2.042s] writing top-level names to ../../build/camera_driver/camera_driver.egg-info/top_level.txt
[2.097s] reading manifest file '../../build/camera_driver/camera_driver.egg-info/SOURCES.txt'
[2.099s] writing manifest file '../../build/camera_driver/camera_driver.egg-info/SOURCES.txt'
[2.099s] running build
[2.100s] running build_py
[2.100s] copying camera_driver/camera_node.py -> /home/dz/Desktop/uni/SEM 7/TOOLS&SOFTWARE/ros2_project/ros2_ws/build/camera_driver/build/lib/camera_driver
[2.100s] running install
[2.114s] running install_lib
[2.142s] copying /home/dz/Desktop/uni/SEM 7/TOOLS&SOFTWARE/ros2_project/ros2_ws/build/camera_driver/build/lib/camera_driver/camera_node.py -> /home/dz/Desktop/uni/SEM 7/TOOLS&SOFTWARE/ros2_project/ros2_ws/install/camera_driver/lib/python3.12/site-packages/camera_driver
[2.143s] byte-compiling /home/dz/Desktop/uni/SEM 7/TOOLS&SOFTWARE/ros2_project/ros2_ws/install/camera_driver/lib/python3.12/site-packages/camera_driver/camera_node.py to camera_node.cpython-312.pyc
[2.144s]   File "/home/dz/Desktop/uni/SEM 7/TOOLS&SOFTWARE/ros2_project/ros2_ws/install/camera_driver/lib/python3.12/site-packages/camera_driver/camera_node.py", line 30
[2.144s]     self.test_traj = {],
[2.144s]                       ^
[2.145s] SyntaxError: closing parenthesis ']' does not match opening parenthesis '{'
[2.145s] 
[2.145s] running install_data
[2.145s] running install_egg_info
[2.175s] removing '/home/dz/Desktop/uni/SEM 7/TOOLS&SOFTWARE/ros2_project/ros2_ws/install/camera_driver/lib/python3.12/site-packages/camera_driver-0.0.0-py3.12.egg-info' (and everything under it)
[2.176s] Copying ../../build/camera_driver/camera_driver.egg-info to /home/dz/Desktop/uni/SEM 7/TOOLS&SOFTWARE/ros2_project/ros2_ws/install/camera_driver/lib/python3.12/site-packages/camera_driver-0.0.0-py3.12.egg-info
[2.178s] running install_scripts
[2.394s] Installing camera_node script to /home/dz/Desktop/uni/SEM 7/TOOLS&SOFTWARE/ros2_project/ros2_ws/install/camera_driver/lib/camera_driver
[2.395s] writing list of installed files to '/home/dz/Desktop/uni/SEM 7/TOOLS&SOFTWARE/ros2_project/ros2_ws/build/camera_driver/install.log'
[2.450s] Invoked command in '/home/dz/Desktop/uni/SEM 7/TOOLS&SOFTWARE/ros2_project/ros2_ws/src/camera_driver' returned '0': DEBUGINFOD_URLS=https://debuginfod.ubuntu.com PYTHONPATH=/home/dz/Desktop/uni/SEM 7/TOOLS&SOFTWARE/ros2_project/ros2_ws/build/camera_driver/prefix_override:/usr/lib/python3/dist-packages/colcon_core/task/python/colcon_distutils_commands:/home/dz/Desktop/uni/SEM 7/TOOLS&SOFTWARE/ros2_project/ros2_ws/install/camera_driver/lib/python3.12/site-packages: /usr/bin/python3 -W ignore:setup.py install is deprecated -W ignore:easy_install command is deprecated setup.py egg_info --egg-base ../../build/camera_driver build --build-base /home/dz/Desktop/uni/SEM 7/TOOLS&SOFTWARE/ros2_project/ros2_ws/build/camera_driver/build install --record /home/dz/Desktop/uni/SEM 7/TOOLS&SOFTWARE/ros2_project/ros2_ws/build/camera_driver/install.log --single-version-externally-managed install_data
