[2.039s] Invoking command in '/home/dz/Desktop/uni/SEM 7/TOOLS&SOFTWARE/ros2_project/ros2_ws/src/camera_driver': DEBUGINFOD_URLS=https://debuginfod.ubuntu.com PYTHONPATH=/home/dz/Desktop/uni/SEM 7/TOOLS&SOFTWARE/ros2_project/ros2_ws/build/camera_driver/prefix_override:/usr/lib/python3/dist-packages/colcon_core/task/python/colcon_distutils_commands:/home/dz/Desktop/uni/SEM 7/TOOLS&SOFTWARE/ros2_project/ros2_ws/install/camera_driver/lib/python3.12/site-packages:${PYTHONPATH} /usr/bin/python3 -W ignore:setup.py install is deprecated -W ignore:easy_install command is deprecated setup.py egg_info --egg-base ../../build/camera_driver build --build-base /home/dz/Desktop/uni/SEM 7/TOOLS&SOFTWARE/ros2_project/ros2_ws/build/camera_driver/build install --record /home/dz/Desktop/uni/SEM 7/TOOLS&SOFTWARE/ros2_project/ros2_ws/build/camera_driver/install.log --single-version-externally-managed install_data
[2.645s] running egg_info
[2.698s] writing ../../build/camera_driver/camera_driver.egg-info/PKG-INFO
[2.699s] writing dependency_links to ../../build/camera_driver/camera_driver.egg-info/dependency_links.txt
[2.699s] writing entry points to ../../build/camera_driver/camera_driver.egg-info/entry_points.txt
[2.700s] writing requirements to ../../build/camera_driver/camera_driver.egg-info/requires.txt
[2.700s] writing top-level names to ../../build/camera_driver/camera_driver.egg-info/top_level.txt
[2.808s] reading manifest file '../../build/camera_driver/camera_driver.egg-info/SOURCES.txt'
[2.810s] writing manifest file '../../build/camera_driver/camera_driver.egg-info/SOURCES.txt'
[2.811s] running build
[2.811s] running build_py
[2.811s] copying camera_driver/camera_node.py -> /home/dz/Desktop/uni/SEM 7/TOOLS&SOFTWARE/ros2_project/ros2_ws/build/camera_driver/build/lib/camera_driver
[2.812s] running install
[2.827s] running install_lib
[2.880s] copying /home/dz/Desktop/uni/SEM 7/TOOLS&SOFTWARE/ros2_project/ros2_ws/build/camera_driver/build/lib/camera_driver/camera_node.py -> /home/dz/Desktop/uni/SEM 7/TOOLS&SOFTWARE/ros2_project/ros2_ws/install/camera_driver/lib/python3.12/site-packages/camera_driver
[2.882s] byte-compiling /home/dz/Desktop/uni/SEM 7/TOOLS&SOFTWARE/ros2_project/ros2_ws/install/camera_driver/lib/python3.12/site-packages/camera_driver/camera_node.py to camera_node.cpython-312.pyc
[2.884s] running install_data
[2.884s] running install_egg_info
[2.942s] removing '/home/dz/Desktop/uni/SEM 7/TOOLS&SOFTWARE/ros2_project/ros2_ws/install/camera_driver/lib/python3.12/site-packages/camera_driver-0.0.0-py3.12.egg-info' (and everything under it)
[2.943s] Copying ../../build/camera_driver/camera_driver.egg-info to /home/dz/Desktop/uni/SEM 7/TOOLS&SOFTWARE/ros2_project/ros2_ws/install/camera_driver/lib/python3.12/site-packages/camera_driver-0.0.0-py3.12.egg-info
[2.946s] running install_scripts
[3.295s] Installing camera_node script to /home/dz/Desktop/uni/SEM 7/TOOLS&SOFTWARE/ros2_project/ros2_ws/install/camera_driver/lib/camera_driver
[3.296s] writing list of installed files to '/home/dz/Desktop/uni/SEM 7/TOOLS&SOFTWARE/ros2_project/ros2_ws/build/camera_driver/install.log'
[3.352s] Invoked command in '/home/dz/Desktop/uni/SEM 7/TOOLS&SOFTWARE/ros2_project/ros2_ws/src/camera_driver' returned '0': DEBUGINFOD_URLS=https://debuginfod.ubuntu.com PYTHONPATH=/home/dz/Desktop/uni/SEM 7/TOOLS&SOFTWARE/ros2_project/ros2_ws/build/camera_driver/prefix_override:/usr/lib/python3/dist-packages/colcon_core/task/python/colcon_distutils_commands:/home/dz/Desktop/uni/SEM 7/TOOLS&SOFTWARE/ros2_project/ros2_ws/install/camera_driver/lib/python3.12/site-packages:${PYTHONPATH} /usr/bin/python3 -W ignore:setup.py install is deprecated -W ignore:easy_install command is deprecated setup.py egg_info --egg-base ../../build/camera_driver build --build-base /home/dz/Desktop/uni/SEM 7/TOOLS&SOFTWARE/ros2_project/ros2_ws/build/camera_driver/build install --record /home/dz/Desktop/uni/SEM 7/TOOLS&SOFTWARE/ros2_project/ros2_ws/build/camera_driver/install.log --single-version-externally-managed install_data
