[0.534s] Invoking command in '/home/dz/Desktop/uni/SEM 7/TOOLS&SOFTWARE/ros2_project/ros2_ws/build/usb_cam': CMAKE_PREFIX_PATH=${CMAKE_PREFIX_PATH}:/home/dz/Desktop/uni/SEM 7/TOOLS&SOFTWARE/ros2_project/ros2_ws/install/camera_driver:/opt/ros/jazzy DEBUGINFOD_URLS=https://debuginfod.ubuntu.com /usr/bin/cmake /home/dz/Desktop/uni/SEM 7/TOOLS&SOFTWARE/ros2_project/ros2_ws/src/usb_cam -DCMAKE_INSTALL_PREFIX=/home/dz/Desktop/uni/SEM 7/TOOLS&SOFTWARE/ros2_project/ros2_ws/install/usb_cam
[0.733s] -- The C compiler identification is GNU 13.3.0
[0.927s] -- The CXX compiler identification is GNU 13.3.0
[0.976s] -- Detecting C compiler ABI info
[1.207s] -- Detecting C compiler ABI info - done
[1.230s] -- Check for working C compiler: /usr/bin/cc - skipped
[1.235s] -- Detecting C compile features
[1.236s] -- Detecting C compile features - done
[1.260s] -- Detecting CXX compiler ABI info
[1.497s] -- Detecting CXX compiler ABI info - done
[1.521s] -- Check for working CXX compiler: /usr/bin/c++ - skipped
[1.521s] -- Detecting CXX compile features
[1.523s] -- Detecting CXX compile features - done
[1.536s] -- Found ament_cmake_auto: 2.5.4 (/opt/ros/jazzy/share/ament_cmake_auto/cmake)
[1.892s] -- Found Python3: /usr/bin/python3 (found version "3.12.3") found components: Interpreter 
[2.521s] -- Found rosidl_generator_c: 4.6.6 (/opt/ros/jazzy/share/rosidl_generator_c/cmake)
[2.562s] -- Found rosidl_generator_cpp: 4.6.6 (/opt/ros/jazzy/share/rosidl_generator_cpp/cmake)
[2.611s] -- Using all available rosidl_typesupport_c: rosidl_typesupport_fastrtps_c;rosidl_typesupport_introspection_c
[2.664s] -- Using all available rosidl_typesupport_cpp: rosidl_typesupport_fastrtps_cpp;rosidl_typesupport_introspection_cpp
[2.891s] -- Found rmw_implementation_cmake: 7.3.2 (/opt/ros/jazzy/share/rmw_implementation_cmake/cmake)
[2.900s] -- Found rmw_fastrtps_cpp: 8.4.3 (/opt/ros/jazzy/share/rmw_fastrtps_cpp/cmake)
[3.135s] -- Found OpenSSL: /usr/lib/x86_64-linux-gnu/libcrypto.so (found version "3.0.13")  
[3.187s] -- Found FastRTPS: /opt/ros/jazzy/include (Required is at least version "2.13") 
[3.249s] -- Using RMW implementation 'rmw_fastrtps_cpp' as default
[3.895s] -- Setting yaml-cpp_DIR to: '/opt/ros/jazzy/share/yaml_cpp_vendor/cmake/../../../opt/yaml_cpp_vendor/share/cmake/yaml-cpp'
[4.202s] -- Found rosidl_adapter: 4.6.6 (/opt/ros/jazzy/share/rosidl_adapter/cmake)
[4.218s] -- Found OpenCV: /usr (found version "4.6.0") 
[4.228s] -- Found PkgConfig: /usr/bin/pkg-config (found version "1.8.1") 
[4.231s] -- Checking for module 'libavcodec'
[4.269s] --   Found libavcodec, version 60.31.102
[4.366s] -- Checking for module 'libavutil'
[4.405s] --   Found libavutil, version 58.29.100
[4.497s] -- Checking for module 'libswscale'
[4.539s] --   Found libswscale, version 7.5.100
[4.653s] -- Found ament_lint_auto: 0.17.3 (/opt/ros/jazzy/share/ament_lint_auto/cmake)
[4.735s] -- Found gtest sources under '/opt/ros/jazzy/src/gtest_vendor': C++ tests using 'Google Test' will be built
[4.744s] -- Performing Test CMAKE_HAVE_LIBC_PTHREAD
[4.974s] -- Performing Test CMAKE_HAVE_LIBC_PTHREAD - Success
[4.977s] -- Found Threads: TRUE  
[4.984s] [0mIn this package, headers install destination is set to `include` by ament_auto_package. It is recommended to install `include/usb_cam` instead and will be the default behavior of ament_auto_package from ROS 2 Kilted Kaiju. On distributions before Kilted, ament_auto_package behaves the same way when you use USE_SCOPED_HEADER_INSTALL_DIR option.[0m
[5.001s] -- Added test 'copyright' to check source files copyright and LICENSE
[5.020s] -- Added test 'cppcheck' to perform static code analysis on C / C++ code
[5.021s] -- Configured cppcheck include dirs: /home/dz/Desktop/uni/SEM 7/TOOLS&SOFTWARE/ros2_project/ros2_ws/src/usb_cam/include
[5.021s] -- Configured cppcheck exclude dirs and/or files: 
[5.039s] -- Added test 'cpplint' to check C / C++ code against the Google style
[5.039s] -- Configured cpplint exclude dirs and/or files: 
[5.044s] -- Added test 'flake8' to check Python code syntax and style conventions
[5.044s] -- Configured 'flake8' exclude dirs and/or files: 
[5.049s] -- Added test 'lint_cmake' to check CMake code style
[5.053s] -- Added test 'pep257' to check Python code against some of the docstring style conventions in PEP 257
[5.071s] -- Added test 'uncrustify' to check C / C++ code style
[5.071s] -- Configured uncrustify additional arguments: 
[5.075s] -- Added test 'xmllint' to check XML markup files
[5.084s] -- Configuring done (4.5s)
[5.180s] -- Generating done (0.1s)
[5.203s] -- Build files have been written to: /home/dz/Desktop/uni/SEM 7/TOOLS&SOFTWARE/ros2_project/ros2_ws/build/usb_cam
[5.230s] Invoked command in '/home/dz/Desktop/uni/SEM 7/TOOLS&SOFTWARE/ros2_project/ros2_ws/build/usb_cam' returned '0': CMAKE_PREFIX_PATH=${CMAKE_PREFIX_PATH}:/home/dz/Desktop/uni/SEM 7/TOOLS&SOFTWARE/ros2_project/ros2_ws/install/camera_driver:/opt/ros/jazzy DEBUGINFOD_URLS=https://debuginfod.ubuntu.com /usr/bin/cmake /home/dz/Desktop/uni/SEM 7/TOOLS&SOFTWARE/ros2_project/ros2_ws/src/usb_cam -DCMAKE_INSTALL_PREFIX=/home/dz/Desktop/uni/SEM 7/TOOLS&SOFTWARE/ros2_project/ros2_ws/install/usb_cam
[5.233s] Invoking command in '/home/dz/Desktop/uni/SEM 7/TOOLS&SOFTWARE/ros2_project/ros2_ws/build/usb_cam': CMAKE_PREFIX_PATH=${CMAKE_PREFIX_PATH}:/home/dz/Desktop/uni/SEM 7/TOOLS&SOFTWARE/ros2_project/ros2_ws/install/camera_driver:/opt/ros/jazzy DEBUGINFOD_URLS=https://debuginfod.ubuntu.com /usr/bin/cmake --build /home/dz/Desktop/uni/SEM 7/TOOLS&SOFTWARE/ros2_project/ros2_ws/build/usb_cam -- -j12 -l12
[5.369s] [ 14%] [32mBuilding CXX object CMakeFiles/usb_cam_node_exe.dir/rclcpp_components/node_main_usb_cam_node_exe.cpp.o[0m
[5.370s] [ 14%] [32mBuilding CXX object gtest/CMakeFiles/gtest_main.dir/src/gtest_main.cc.o[0m
[5.370s] [ 21%] [32mBuilding CXX object CMakeFiles/usb_cam.dir/src/usb_cam.cpp.o[0m
[5.370s] [ 28%] [32mBuilding CXX object gtest/CMakeFiles/gtest.dir/src/gtest-all.cc.o[0m
[7.309s] [ 35%] [32m[1mLinking CXX static library libgtest_main.a[0m
[7.398s] [ 35%] Built target gtest_main
[9.220s] [ 42%] [32m[1mLinking CXX shared library libusb_cam.so[0m
[9.488s] [ 42%] Built target usb_cam
[9.520s] [ 50%] [32mBuilding CXX object CMakeFiles/usb_cam_node.dir/src/usb_cam_node.cpp.o[0m
[10.654s] [ 57%] [32m[1mLinking CXX executable usb_cam_node_exe[0m
[10.868s] [ 57%] Built target usb_cam_node_exe
[11.116s] [ 64%] [32m[1mLinking CXX static library libgtest.a[0m
[11.177s] [ 64%] Built target gtest
[11.197s] [ 71%] [32mBuilding CXX object CMakeFiles/test_usb_cam_utils.dir/test/test_usb_cam_utils.cpp.o[0m
[11.198s] [ 78%] [32mBuilding CXX object CMakeFiles/test_pixel_formats.dir/test/test_pixel_formats.cpp.o[0m
[12.197s] [ 85%] [32m[1mLinking CXX executable test_usb_cam_utils[0m
[12.384s] [ 85%] Built target test_usb_cam_utils
[12.395s] [ 92%] [32m[1mLinking CXX executable test_pixel_formats[0m
[12.572s] [ 92%] Built target test_pixel_formats
[16.047s] [100%] [32m[1mLinking CXX shared library libusb_cam_node.so[0m
[16.339s] [100%] Built target usb_cam_node
[16.352s] Invoked command in '/home/dz/Desktop/uni/SEM 7/TOOLS&SOFTWARE/ros2_project/ros2_ws/build/usb_cam' returned '0': CMAKE_PREFIX_PATH=${CMAKE_PREFIX_PATH}:/home/dz/Desktop/uni/SEM 7/TOOLS&SOFTWARE/ros2_project/ros2_ws/install/camera_driver:/opt/ros/jazzy DEBUGINFOD_URLS=https://debuginfod.ubuntu.com /usr/bin/cmake --build /home/dz/Desktop/uni/SEM 7/TOOLS&SOFTWARE/ros2_project/ros2_ws/build/usb_cam -- -j12 -l12
[16.363s] Invoking command in '/home/dz/Desktop/uni/SEM 7/TOOLS&SOFTWARE/ros2_project/ros2_ws/build/usb_cam': CMAKE_PREFIX_PATH=${CMAKE_PREFIX_PATH}:/home/dz/Desktop/uni/SEM 7/TOOLS&SOFTWARE/ros2_project/ros2_ws/install/camera_driver:/opt/ros/jazzy DEBUGINFOD_URLS=https://debuginfod.ubuntu.com /usr/bin/cmake --install /home/dz/Desktop/uni/SEM 7/TOOLS&SOFTWARE/ros2_project/ros2_ws/build/usb_cam
[16.370s] -- Install configuration: ""
[16.370s] -- Installing: /home/dz/Desktop/uni/SEM 7/TOOLS&SOFTWARE/ros2_project/ros2_ws/install/usb_cam/share/usb_cam/environment/library_path.sh
[16.370s] -- Installing: /home/dz/Desktop/uni/SEM 7/TOOLS&SOFTWARE/ros2_project/ros2_ws/install/usb_cam/share/usb_cam/environment/library_path.dsv
[16.370s] -- Installing: /home/dz/Desktop/uni/SEM 7/TOOLS&SOFTWARE/ros2_project/ros2_ws/install/usb_cam/lib/usb_cam/usb_cam_node_exe
[16.371s] -- Set non-toolchain portion of runtime path of "/home/dz/Desktop/uni/SEM 7/TOOLS&SOFTWARE/ros2_project/ros2_ws/install/usb_cam/lib/usb_cam/usb_cam_node_exe" to ""
[16.371s] -- Installing: /home/dz/Desktop/uni/SEM 7/TOOLS&SOFTWARE/ros2_project/ros2_ws/install/usb_cam/lib/usb_cam/show_image.py
[16.371s] -- Installing: /home/dz/Desktop/uni/SEM 7/TOOLS&SOFTWARE/ros2_project/ros2_ws/install/usb_cam/lib/libusb_cam.so
[16.372s] -- Installing: /home/dz/Desktop/uni/SEM 7/TOOLS&SOFTWARE/ros2_project/ros2_ws/install/usb_cam/lib/libusb_cam_node.so
[16.375s] -- Set non-toolchain portion of runtime path of "/home/dz/Desktop/uni/SEM 7/TOOLS&SOFTWARE/ros2_project/ros2_ws/install/usb_cam/lib/libusb_cam_node.so" to ""
[16.376s] -- Installing: /home/dz/Desktop/uni/SEM 7/TOOLS&SOFTWARE/ros2_project/ros2_ws/install/usb_cam/include
[16.376s] -- Installing: /home/dz/Desktop/uni/SEM 7/TOOLS&SOFTWARE/ros2_project/ros2_ws/install/usb_cam/include/usb_cam
[16.376s] -- Installing: /home/dz/Desktop/uni/SEM 7/TOOLS&SOFTWARE/ros2_project/ros2_ws/install/usb_cam/include/usb_cam/usb_cam_node.hpp
[16.376s] -- Installing: /home/dz/Desktop/uni/SEM 7/TOOLS&SOFTWARE/ros2_project/ros2_ws/install/usb_cam/include/usb_cam/constants.hpp
[16.376s] -- Installing: /home/dz/Desktop/uni/SEM 7/TOOLS&SOFTWARE/ros2_project/ros2_ws/install/usb_cam/include/usb_cam/utils.hpp
[16.376s] -- Installing: /home/dz/Desktop/uni/SEM 7/TOOLS&SOFTWARE/ros2_project/ros2_ws/install/usb_cam/include/usb_cam/formats
[16.376s] -- Installing: /home/dz/Desktop/uni/SEM 7/TOOLS&SOFTWARE/ros2_project/ros2_ws/install/usb_cam/include/usb_cam/formats/uyvy.hpp
[16.376s] -- Installing: /home/dz/Desktop/uni/SEM 7/TOOLS&SOFTWARE/ros2_project/ros2_ws/install/usb_cam/include/usb_cam/formats/m420.hpp
[16.376s] -- Installing: /home/dz/Desktop/uni/SEM 7/TOOLS&SOFTWARE/ros2_project/ros2_ws/install/usb_cam/include/usb_cam/formats/av_pixel_format_helper.hpp
[16.376s] -- Installing: /home/dz/Desktop/uni/SEM 7/TOOLS&SOFTWARE/ros2_project/ros2_ws/install/usb_cam/include/usb_cam/formats/utils.hpp
[16.376s] -- Installing: /home/dz/Desktop/uni/SEM 7/TOOLS&SOFTWARE/ros2_project/ros2_ws/install/usb_cam/include/usb_cam/formats/pixel_format_base.hpp
[16.377s] -- Installing: /home/dz/Desktop/uni/SEM 7/TOOLS&SOFTWARE/ros2_project/ros2_ws/install/usb_cam/include/usb_cam/formats/mjpeg.hpp
[16.377s] -- Installing: /home/dz/Desktop/uni/SEM 7/TOOLS&SOFTWARE/ros2_project/ros2_ws/install/usb_cam/include/usb_cam/formats/rgb.hpp
[16.377s] -- Installing: /home/dz/Desktop/uni/SEM 7/TOOLS&SOFTWARE/ros2_project/ros2_ws/install/usb_cam/include/usb_cam/formats/yuyv.hpp
[16.377s] -- Installing: /home/dz/Desktop/uni/SEM 7/TOOLS&SOFTWARE/ros2_project/ros2_ws/install/usb_cam/include/usb_cam/formats/mono.hpp
[16.377s] -- Installing: /home/dz/Desktop/uni/SEM 7/TOOLS&SOFTWARE/ros2_project/ros2_ws/install/usb_cam/include/usb_cam/usb_cam.hpp
[16.377s] -- Installing: /home/dz/Desktop/uni/SEM 7/TOOLS&SOFTWARE/ros2_project/ros2_ws/install/usb_cam/include/usb_cam/conversions.hpp
[16.377s] -- Up-to-date: /home/dz/Desktop/uni/SEM 7/TOOLS&SOFTWARE/ros2_project/ros2_ws/install/usb_cam/lib/libusb_cam_node.so
[16.377s] -- Installing: /home/dz/Desktop/uni/SEM 7/TOOLS&SOFTWARE/ros2_project/ros2_ws/install/usb_cam/share/usb_cam/launch
[16.377s] -- Installing: /home/dz/Desktop/uni/SEM 7/TOOLS&SOFTWARE/ros2_project/ros2_ws/install/usb_cam/share/usb_cam/launch/camera_config.py
[16.377s] -- Installing: /home/dz/Desktop/uni/SEM 7/TOOLS&SOFTWARE/ros2_project/ros2_ws/install/usb_cam/share/usb_cam/launch/camera.launch.py
[16.378s] -- Installing: /home/dz/Desktop/uni/SEM 7/TOOLS&SOFTWARE/ros2_project/ros2_ws/install/usb_cam/share/usb_cam/launch/__init__.py
[16.378s] -- Installing: /home/dz/Desktop/uni/SEM 7/TOOLS&SOFTWARE/ros2_project/ros2_ws/install/usb_cam/share/usb_cam/config
[16.378s] -- Installing: /home/dz/Desktop/uni/SEM 7/TOOLS&SOFTWARE/ros2_project/ros2_ws/install/usb_cam/share/usb_cam/config/params_2.yaml
[16.378s] -- Installing: /home/dz/Desktop/uni/SEM 7/TOOLS&SOFTWARE/ros2_project/ros2_ws/install/usb_cam/share/usb_cam/config/camera_info.yaml
[16.378s] -- Installing: /home/dz/Desktop/uni/SEM 7/TOOLS&SOFTWARE/ros2_project/ros2_ws/install/usb_cam/share/usb_cam/config/params_1.yaml
[16.378s] -- Installing: /home/dz/Desktop/uni/SEM 7/TOOLS&SOFTWARE/ros2_project/ros2_ws/install/usb_cam/share/ament_index/resource_index/package_run_dependencies/usb_cam
[16.378s] -- Installing: /home/dz/Desktop/uni/SEM 7/TOOLS&SOFTWARE/ros2_project/ros2_ws/install/usb_cam/share/ament_index/resource_index/parent_prefix_path/usb_cam
[16.379s] -- Installing: /home/dz/Desktop/uni/SEM 7/TOOLS&SOFTWARE/ros2_project/ros2_ws/install/usb_cam/share/usb_cam/environment/ament_prefix_path.sh
[16.379s] -- Installing: /home/dz/Desktop/uni/SEM 7/TOOLS&SOFTWARE/ros2_project/ros2_ws/install/usb_cam/share/usb_cam/environment/ament_prefix_path.dsv
[16.379s] -- Installing: /home/dz/Desktop/uni/SEM 7/TOOLS&SOFTWARE/ros2_project/ros2_ws/install/usb_cam/share/usb_cam/environment/path.sh
[16.379s] -- Installing: /home/dz/Desktop/uni/SEM 7/TOOLS&SOFTWARE/ros2_project/ros2_ws/install/usb_cam/share/usb_cam/environment/path.dsv
[16.379s] -- Installing: /home/dz/Desktop/uni/SEM 7/TOOLS&SOFTWARE/ros2_project/ros2_ws/install/usb_cam/share/usb_cam/local_setup.bash
[16.379s] -- Installing: /home/dz/Desktop/uni/SEM 7/TOOLS&SOFTWARE/ros2_project/ros2_ws/install/usb_cam/share/usb_cam/local_setup.sh
[16.379s] -- Installing: /home/dz/Desktop/uni/SEM 7/TOOLS&SOFTWARE/ros2_project/ros2_ws/install/usb_cam/share/usb_cam/local_setup.zsh
[16.379s] -- Installing: /home/dz/Desktop/uni/SEM 7/TOOLS&SOFTWARE/ros2_project/ros2_ws/install/usb_cam/share/usb_cam/local_setup.dsv
[16.380s] -- Installing: /home/dz/Desktop/uni/SEM 7/TOOLS&SOFTWARE/ros2_project/ros2_ws/install/usb_cam/share/usb_cam/package.dsv
[16.380s] -- Installing: /home/dz/Desktop/uni/SEM 7/TOOLS&SOFTWARE/ros2_project/ros2_ws/install/usb_cam/share/ament_index/resource_index/packages/usb_cam
[16.380s] -- Installing: /home/dz/Desktop/uni/SEM 7/TOOLS&SOFTWARE/ros2_project/ros2_ws/install/usb_cam/share/ament_index/resource_index/rclcpp_components/usb_cam
[16.380s] -- Installing: /home/dz/Desktop/uni/SEM 7/TOOLS&SOFTWARE/ros2_project/ros2_ws/install/usb_cam/share/usb_cam/cmake/ament_cmake_export_libraries-extras.cmake
[16.380s] -- Installing: /home/dz/Desktop/uni/SEM 7/TOOLS&SOFTWARE/ros2_project/ros2_ws/install/usb_cam/share/usb_cam/cmake/ament_cmake_export_dependencies-extras.cmake
[16.380s] -- Installing: /home/dz/Desktop/uni/SEM 7/TOOLS&SOFTWARE/ros2_project/ros2_ws/install/usb_cam/share/usb_cam/cmake/ament_cmake_export_include_directories-extras.cmake
[16.380s] -- Installing: /home/dz/Desktop/uni/SEM 7/TOOLS&SOFTWARE/ros2_project/ros2_ws/install/usb_cam/share/usb_cam/cmake/usb_camConfig.cmake
[16.381s] -- Installing: /home/dz/Desktop/uni/SEM 7/TOOLS&SOFTWARE/ros2_project/ros2_ws/install/usb_cam/share/usb_cam/cmake/usb_camConfig-version.cmake
[16.381s] -- Installing: /home/dz/Desktop/uni/SEM 7/TOOLS&SOFTWARE/ros2_project/ros2_ws/install/usb_cam/share/usb_cam/package.xml
[16.384s] Invoked command in '/home/dz/Desktop/uni/SEM 7/TOOLS&SOFTWARE/ros2_project/ros2_ws/build/usb_cam' returned '0': CMAKE_PREFIX_PATH=${CMAKE_PREFIX_PATH}:/home/dz/Desktop/uni/SEM 7/TOOLS&SOFTWARE/ros2_project/ros2_ws/install/camera_driver:/opt/ros/jazzy DEBUGINFOD_URLS=https://debuginfod.ubuntu.com /usr/bin/cmake --install /home/dz/Desktop/uni/SEM 7/TOOLS&SOFTWARE/ros2_project/ros2_ws/build/usb_cam
