running egg_info
creating ../../build/camera_driver/camera_driver.egg-info
writing ../../build/camera_driver/camera_driver.egg-info/PKG-INFO
writing dependency_links to ../../build/camera_driver/camera_driver.egg-info/dependency_links.txt
writing entry points to ../../build/camera_driver/camera_driver.egg-info/entry_points.txt
writing requirements to ../../build/camera_driver/camera_driver.egg-info/requires.txt
writing top-level names to ../../build/camera_driver/camera_driver.egg-info/top_level.txt
writing manifest file '../../build/camera_driver/camera_driver.egg-info/SOURCES.txt'
reading manifest file '../../build/camera_driver/camera_driver.egg-info/SOURCES.txt'
writing manifest file '../../build/camera_driver/camera_driver.egg-info/SOURCES.txt'
running build
running build_py
creating /home/dz/Desktop/uni/SEM 7/TOOLS&SOFTWARE/ros2_project/ros2_ws/build/camera_driver/build
creating /home/dz/Desktop/uni/SEM 7/TOOLS&SOFTWARE/ros2_project/ros2_ws/build/camera_driver/build/lib
creating /home/dz/Desktop/uni/SEM 7/TOOLS&SOFTWARE/ros2_project/ros2_ws/build/camera_driver/build/lib/camera_driver
copying camera_driver/camera_node.py -> /home/dz/Desktop/uni/SEM 7/TOOLS&SOFTWARE/ros2_project/ros2_ws/build/camera_driver/build/lib/camera_driver
copying camera_driver/__init__.py -> /home/dz/Desktop/uni/SEM 7/TOOLS&SOFTWARE/ros2_project/ros2_ws/build/camera_driver/build/lib/camera_driver
running install
running install_lib
creating /home/dz/Desktop/uni/SEM 7/TOOLS&SOFTWARE/ros2_project/ros2_ws/install/camera_driver/lib/python3.12/site-packages/camera_driver
copying /home/dz/Desktop/uni/SEM 7/TOOLS&SOFTWARE/ros2_project/ros2_ws/build/camera_driver/build/lib/camera_driver/camera_node.py -> /home/dz/Desktop/uni/SEM 7/TOOLS&SOFTWARE/ros2_project/ros2_ws/install/camera_driver/lib/python3.12/site-packages/camera_driver
copying /home/dz/Desktop/uni/SEM 7/TOOLS&SOFTWARE/ros2_project/ros2_ws/build/camera_driver/build/lib/camera_driver/__init__.py -> /home/dz/Desktop/uni/SEM 7/TOOLS&SOFTWARE/ros2_project/ros2_ws/install/camera_driver/lib/python3.12/site-packages/camera_driver
byte-compiling /home/dz/Desktop/uni/SEM 7/TOOLS&SOFTWARE/ros2_project/ros2_ws/install/camera_driver/lib/python3.12/site-packages/camera_driver/camera_node.py to camera_node.cpython-312.pyc
byte-compiling /home/dz/Desktop/uni/SEM 7/TOOLS&SOFTWARE/ros2_project/ros2_ws/install/camera_driver/lib/python3.12/site-packages/camera_driver/__init__.py to __init__.cpython-312.pyc
running install_data
creating /home/dz/Desktop/uni/SEM 7/TOOLS&SOFTWARE/ros2_project/ros2_ws/install/camera_driver/share/ament_index
creating /home/dz/Desktop/uni/SEM 7/TOOLS&SOFTWARE/ros2_project/ros2_ws/install/camera_driver/share/ament_index/resource_index
creating /home/dz/Desktop/uni/SEM 7/TOOLS&SOFTWARE/ros2_project/ros2_ws/install/camera_driver/share/ament_index/resource_index/packages
copying resource/camera_driver -> /home/dz/Desktop/uni/SEM 7/TOOLS&SOFTWARE/ros2_project/ros2_ws/install/camera_driver/share/ament_index/resource_index/packages
copying package.xml -> /home/dz/Desktop/uni/SEM 7/TOOLS&SOFTWARE/ros2_project/ros2_ws/install/camera_driver/share/camera_driver
running install_egg_info
Copying ../../build/camera_driver/camera_driver.egg-info to /home/dz/Desktop/uni/SEM 7/TOOLS&SOFTWARE/ros2_project/ros2_ws/install/camera_driver/lib/python3.12/site-packages/camera_driver-0.0.0-py3.12.egg-info
running install_scripts
Installing camera_node script to /home/dz/Desktop/uni/SEM 7/TOOLS&SOFTWARE/ros2_project/ros2_ws/install/camera_driver/lib/camera_driver
writing list of installed files to '/home/dz/Desktop/uni/SEM 7/TOOLS&SOFTWARE/ros2_project/ros2_ws/build/camera_driver/install.log'
