[0.178s] Invoking command in '/home/dz/Desktop/uni/SEM 7/TOOLS&SOFTWARE/ros2_project/ros2_ws/build/usb_cam': CMAKE_PREFIX_PATH=${CMAKE_PREFIX_PATH}:/home/dz/Desktop/uni/SEM 7/TOOLS&SOFTWARE/ros2_project/ros2_ws/install/camera_test:/home/dz/Desktop/uni/SEM 7/TOOLS&SOFTWARE/ros2_project/ros2_ws/install/camera_driver:/opt/ros/jazzy DEBUGINFOD_URLS=https://debuginfod.ubuntu.com /usr/bin/cmake /home/dz/Desktop/uni/SEM 7/TOOLS&SOFTWARE/ros2_project/ros2_ws/src/usb_cam -DCMAKE_INSTALL_PREFIX=/home/dz/Desktop/uni/SEM 7/TOOLS&SOFTWARE/ros2_project/ros2_ws/install/usb_cam
[0.285s] -- The C compiler identification is GNU 13.3.0
[0.337s] -- The CXX compiler identification is GNU 13.3.0
[0.355s] -- Detecting C compiler ABI info
[0.439s] -- Detecting C compiler ABI info - done
[0.447s] -- Check for working C compiler: /usr/bin/cc - skipped
[0.447s] -- Detecting C compile features
[0.448s] -- Detecting C compile features - done
[0.457s] -- Detecting CXX compiler ABI info
[0.549s] -- Detecting CXX compiler ABI info - done
[0.556s] -- Check for working CXX compiler: /usr/bin/c++ - skipped
[0.557s] -- Detecting CXX compile features
[0.557s] -- Detecting CXX compile features - done
[0.560s] -- Found ament_cmake_auto: 2.5.4 (/opt/ros/jazzy/share/ament_cmake_auto/cmake)
[0.698s] -- Found Python3: /usr/bin/python3 (found version "3.12.3") found components: Interpreter 
[0.903s] -- Found rosidl_generator_c: 4.6.6 (/opt/ros/jazzy/share/rosidl_generator_c/cmake)
[0.916s] -- Found rosidl_generator_cpp: 4.6.6 (/opt/ros/jazzy/share/rosidl_generator_cpp/cmake)
[0.930s] -- Using all available rosidl_typesupport_c: rosidl_typesupport_fastrtps_c;rosidl_typesupport_introspection_c
[0.946s] -- Using all available rosidl_typesupport_cpp: rosidl_typesupport_fastrtps_cpp;rosidl_typesupport_introspection_cpp
[1.015s] -- Found rmw_implementation_cmake: 7.3.2 (/opt/ros/jazzy/share/rmw_implementation_cmake/cmake)
[1.018s] -- Found rmw_fastrtps_cpp: 8.4.3 (/opt/ros/jazzy/share/rmw_fastrtps_cpp/cmake)
[1.102s] -- Found OpenSSL: /usr/lib/x86_64-linux-gnu/libcrypto.so (found version "3.0.13")  
[1.120s] -- Found FastRTPS: /opt/ros/jazzy/include (Required is at least version "2.13") 
[1.142s] -- Using RMW implementation 'rmw_fastrtps_cpp' as default
[1.332s] -- Setting yaml-cpp_DIR to: '/opt/ros/jazzy/share/yaml_cpp_vendor/cmake/../../../opt/yaml_cpp_vendor/share/cmake/yaml-cpp'
[1.429s] -- Found rosidl_adapter: 4.6.6 (/opt/ros/jazzy/share/rosidl_adapter/cmake)
[1.433s] -- Found OpenCV: /usr (found version "4.6.0") 
[1.437s] -- Found PkgConfig: /usr/bin/pkg-config (found version "1.8.1") 
[1.438s] -- Checking for module 'libavcodec'
[1.455s] --   Found libavcodec, version 60.31.102
[1.497s] -- Checking for module 'libavutil'
[1.513s] --   Found libavutil, version 58.29.100
[1.548s] -- Checking for module 'libswscale'
[1.568s] --   Found libswscale, version 7.5.100
[1.612s] -- Found ament_lint_auto: 0.17.3 (/opt/ros/jazzy/share/ament_lint_auto/cmake)
[1.636s] -- Found gtest sources under '/opt/ros/jazzy/src/gtest_vendor': C++ tests using 'Google Test' will be built
[1.639s] -- Performing Test CMAKE_HAVE_LIBC_PTHREAD
[1.731s] -- Performing Test CMAKE_HAVE_LIBC_PTHREAD - Success
[1.732s] -- Found Threads: TRUE  
[1.734s] [0mIn this package, headers install destination is set to `include` by ament_auto_package. It is recommended to install `include/usb_cam` instead and will be the default behavior of ament_auto_package from ROS 2 Kilted Kaiju. On distributions before Kilted, ament_auto_package behaves the same way when you use USE_SCOPED_HEADER_INSTALL_DIR option.[0m
[1.737s] -- Added test 'copyright' to check source files copyright and LICENSE
[1.743s] -- Added test 'cppcheck' to perform static code analysis on C / C++ code
[1.743s] -- Configured cppcheck include dirs: /home/dz/Desktop/uni/SEM 7/TOOLS&SOFTWARE/ros2_project/ros2_ws/src/usb_cam/include
[1.744s] -- Configured cppcheck exclude dirs and/or files: 
[1.749s] -- Added test 'cpplint' to check C / C++ code against the Google style
[1.749s] -- Configured cpplint exclude dirs and/or files: 
[1.750s] -- Added test 'flake8' to check Python code syntax and style conventions
[1.751s] -- Configured 'flake8' exclude dirs and/or files: 
[1.752s] -- Added test 'lint_cmake' to check CMake code style
[1.753s] -- Added test 'pep257' to check Python code against some of the docstring style conventions in PEP 257
[1.759s] -- Added test 'uncrustify' to check C / C++ code style
[1.759s] -- Configured uncrustify additional arguments: 
[1.760s] -- Added test 'xmllint' to check XML markup files
[1.763s] -- Configuring done (1.6s)
[1.794s] -- Generating done (0.0s)
[1.801s] -- Build files have been written to: /home/dz/Desktop/uni/SEM 7/TOOLS&SOFTWARE/ros2_project/ros2_ws/build/usb_cam
[1.815s] Invoked command in '/home/dz/Desktop/uni/SEM 7/TOOLS&SOFTWARE/ros2_project/ros2_ws/build/usb_cam' returned '0': CMAKE_PREFIX_PATH=${CMAKE_PREFIX_PATH}:/home/dz/Desktop/uni/SEM 7/TOOLS&SOFTWARE/ros2_project/ros2_ws/install/camera_test:/home/dz/Desktop/uni/SEM 7/TOOLS&SOFTWARE/ros2_project/ros2_ws/install/camera_driver:/opt/ros/jazzy DEBUGINFOD_URLS=https://debuginfod.ubuntu.com /usr/bin/cmake /home/dz/Desktop/uni/SEM 7/TOOLS&SOFTWARE/ros2_project/ros2_ws/src/usb_cam -DCMAKE_INSTALL_PREFIX=/home/dz/Desktop/uni/SEM 7/TOOLS&SOFTWARE/ros2_project/ros2_ws/install/usb_cam
[1.817s] Invoking command in '/home/dz/Desktop/uni/SEM 7/TOOLS&SOFTWARE/ros2_project/ros2_ws/build/usb_cam': CMAKE_PREFIX_PATH=${CMAKE_PREFIX_PATH}:/home/dz/Desktop/uni/SEM 7/TOOLS&SOFTWARE/ros2_project/ros2_ws/install/camera_test:/home/dz/Desktop/uni/SEM 7/TOOLS&SOFTWARE/ros2_project/ros2_ws/install/camera_driver:/opt/ros/jazzy DEBUGINFOD_URLS=https://debuginfod.ubuntu.com /usr/bin/cmake --build /home/dz/Desktop/uni/SEM 7/TOOLS&SOFTWARE/ros2_project/ros2_ws/build/usb_cam -- -j12 -l12
[1.868s] [ 21%] [32mBuilding CXX object gtest/CMakeFiles/gtest.dir/src/gtest-all.cc.o[0m
[1.868s] [ 21%] [32mBuilding CXX object gtest/CMakeFiles/gtest_main.dir/src/gtest_main.cc.o[0m
[1.868s] [ 21%] [32mBuilding CXX object CMakeFiles/usb_cam.dir/src/usb_cam.cpp.o[0m
[1.868s] [ 28%] [32mBuilding CXX object CMakeFiles/usb_cam_node_exe.dir/rclcpp_components/node_main_usb_cam_node_exe.cpp.o[0m
[2.563s] [ 35%] [32m[1mLinking CXX static library libgtest_main.a[0m
[2.597s] [ 35%] Built target gtest_main
[3.312s] [ 42%] [32m[1mLinking CXX shared library libusb_cam.so[0m
[3.460s] [ 42%] Built target usb_cam
[3.481s] [ 50%] [32mBuilding CXX object CMakeFiles/usb_cam_node.dir/src/usb_cam_node.cpp.o[0m
[4.571s] [ 57%] [32m[1mLinking CXX executable usb_cam_node_exe[0m
[4.760s] [ 57%] Built target usb_cam_node_exe
[4.934s] [ 64%] [32m[1mLinking CXX static library libgtest.a[0m
[4.994s] [ 64%] Built target gtest
[5.013s] [ 78%] [32mBuilding CXX object CMakeFiles/test_usb_cam_utils.dir/test/test_usb_cam_utils.cpp.o[0m
[5.013s] [ 78%] [32mBuilding CXX object CMakeFiles/test_pixel_formats.dir/test/test_pixel_formats.cpp.o[0m
[5.980s] [ 85%] [32m[1mLinking CXX executable test_usb_cam_utils[0m
[6.153s] [ 85%] Built target test_usb_cam_utils
[6.194s] [ 92%] [32m[1mLinking CXX executable test_pixel_formats[0m
[6.359s] [ 92%] Built target test_pixel_formats
[9.713s] [100%] [32m[1mLinking CXX shared library libusb_cam_node.so[0m
[9.991s] [100%] Built target usb_cam_node
[10.002s] Invoked command in '/home/dz/Desktop/uni/SEM 7/TOOLS&SOFTWARE/ros2_project/ros2_ws/build/usb_cam' returned '0': CMAKE_PREFIX_PATH=${CMAKE_PREFIX_PATH}:/home/dz/Desktop/uni/SEM 7/TOOLS&SOFTWARE/ros2_project/ros2_ws/install/camera_test:/home/dz/Desktop/uni/SEM 7/TOOLS&SOFTWARE/ros2_project/ros2_ws/install/camera_driver:/opt/ros/jazzy DEBUGINFOD_URLS=https://debuginfod.ubuntu.com /usr/bin/cmake --build /home/dz/Desktop/uni/SEM 7/TOOLS&SOFTWARE/ros2_project/ros2_ws/build/usb_cam -- -j12 -l12
[10.011s] Invoking command in '/home/dz/Desktop/uni/SEM 7/TOOLS&SOFTWARE/ros2_project/ros2_ws/build/usb_cam': CMAKE_PREFIX_PATH=${CMAKE_PREFIX_PATH}:/home/dz/Desktop/uni/SEM 7/TOOLS&SOFTWARE/ros2_project/ros2_ws/install/camera_test:/home/dz/Desktop/uni/SEM 7/TOOLS&SOFTWARE/ros2_project/ros2_ws/install/camera_driver:/opt/ros/jazzy DEBUGINFOD_URLS=https://debuginfod.ubuntu.com /usr/bin/cmake --install /home/dz/Desktop/uni/SEM 7/TOOLS&SOFTWARE/ros2_project/ros2_ws/build/usb_cam
[10.019s] -- Install configuration: ""
[10.019s] -- Up-to-date: /home/dz/Desktop/uni/SEM 7/TOOLS&SOFTWARE/ros2_project/ros2_ws/install/usb_cam/share/usb_cam/environment/library_path.sh
[10.019s] -- Installing: /home/dz/Desktop/uni/SEM 7/TOOLS&SOFTWARE/ros2_project/ros2_ws/install/usb_cam/share/usb_cam/environment/library_path.dsv
[10.019s] -- Installing: /home/dz/Desktop/uni/SEM 7/TOOLS&SOFTWARE/ros2_project/ros2_ws/install/usb_cam/lib/usb_cam/usb_cam_node_exe
[10.020s] -- Set non-toolchain portion of runtime path of "/home/dz/Desktop/uni/SEM 7/TOOLS&SOFTWARE/ros2_project/ros2_ws/install/usb_cam/lib/usb_cam/usb_cam_node_exe" to ""
[10.020s] -- Installing: /home/dz/Desktop/uni/SEM 7/TOOLS&SOFTWARE/ros2_project/ros2_ws/install/usb_cam/lib/usb_cam/show_image.py
[10.020s] -- Installing: /home/dz/Desktop/uni/SEM 7/TOOLS&SOFTWARE/ros2_project/ros2_ws/install/usb_cam/lib/libusb_cam.so
[10.022s] -- Installing: /home/dz/Desktop/uni/SEM 7/TOOLS&SOFTWARE/ros2_project/ros2_ws/install/usb_cam/lib/libusb_cam_node.so
[10.025s] -- Set non-toolchain portion of runtime path of "/home/dz/Desktop/uni/SEM 7/TOOLS&SOFTWARE/ros2_project/ros2_ws/install/usb_cam/lib/libusb_cam_node.so" to ""
[10.025s] -- Up-to-date: /home/dz/Desktop/uni/SEM 7/TOOLS&SOFTWARE/ros2_project/ros2_ws/install/usb_cam/include
[10.025s] -- Up-to-date: /home/dz/Desktop/uni/SEM 7/TOOLS&SOFTWARE/ros2_project/ros2_ws/install/usb_cam/include/usb_cam
[10.025s] -- Installing: /home/dz/Desktop/uni/SEM 7/TOOLS&SOFTWARE/ros2_project/ros2_ws/install/usb_cam/include/usb_cam/usb_cam_node.hpp
[10.025s] -- Installing: /home/dz/Desktop/uni/SEM 7/TOOLS&SOFTWARE/ros2_project/ros2_ws/install/usb_cam/include/usb_cam/constants.hpp
[10.025s] -- Installing: /home/dz/Desktop/uni/SEM 7/TOOLS&SOFTWARE/ros2_project/ros2_ws/install/usb_cam/include/usb_cam/utils.hpp
[10.026s] -- Up-to-date: /home/dz/Desktop/uni/SEM 7/TOOLS&SOFTWARE/ros2_project/ros2_ws/install/usb_cam/include/usb_cam/formats
[10.026s] -- Installing: /home/dz/Desktop/uni/SEM 7/TOOLS&SOFTWARE/ros2_project/ros2_ws/install/usb_cam/include/usb_cam/formats/uyvy.hpp
[10.026s] -- Installing: /home/dz/Desktop/uni/SEM 7/TOOLS&SOFTWARE/ros2_project/ros2_ws/install/usb_cam/include/usb_cam/formats/m420.hpp
[10.026s] -- Installing: /home/dz/Desktop/uni/SEM 7/TOOLS&SOFTWARE/ros2_project/ros2_ws/install/usb_cam/include/usb_cam/formats/av_pixel_format_helper.hpp
[10.026s] -- Installing: /home/dz/Desktop/uni/SEM 7/TOOLS&SOFTWARE/ros2_project/ros2_ws/install/usb_cam/include/usb_cam/formats/utils.hpp
[10.026s] -- Installing: /home/dz/Desktop/uni/SEM 7/TOOLS&SOFTWARE/ros2_project/ros2_ws/install/usb_cam/include/usb_cam/formats/pixel_format_base.hpp
[10.026s] -- Installing: /home/dz/Desktop/uni/SEM 7/TOOLS&SOFTWARE/ros2_project/ros2_ws/install/usb_cam/include/usb_cam/formats/mjpeg.hpp
[10.027s] -- Installing: /home/dz/Desktop/uni/SEM 7/TOOLS&SOFTWARE/ros2_project/ros2_ws/install/usb_cam/include/usb_cam/formats/rgb.hpp
[10.027s] -- Installing: /home/dz/Desktop/uni/SEM 7/TOOLS&SOFTWARE/ros2_project/ros2_ws/install/usb_cam/include/usb_cam/formats/yuyv.hpp
[10.027s] -- Installing: /home/dz/Desktop/uni/SEM 7/TOOLS&SOFTWARE/ros2_project/ros2_ws/install/usb_cam/include/usb_cam/formats/mono.hpp
[10.027s] -- Installing: /home/dz/Desktop/uni/SEM 7/TOOLS&SOFTWARE/ros2_project/ros2_ws/install/usb_cam/include/usb_cam/usb_cam.hpp
[10.027s] -- Installing: /home/dz/Desktop/uni/SEM 7/TOOLS&SOFTWARE/ros2_project/ros2_ws/install/usb_cam/include/usb_cam/conversions.hpp
[10.027s] -- Up-to-date: /home/dz/Desktop/uni/SEM 7/TOOLS&SOFTWARE/ros2_project/ros2_ws/install/usb_cam/lib/libusb_cam_node.so
[10.028s] -- Up-to-date: /home/dz/Desktop/uni/SEM 7/TOOLS&SOFTWARE/ros2_project/ros2_ws/install/usb_cam/share/usb_cam/launch
[10.028s] -- Installing: /home/dz/Desktop/uni/SEM 7/TOOLS&SOFTWARE/ros2_project/ros2_ws/install/usb_cam/share/usb_cam/launch/camera_config.py
[10.028s] -- Installing: /home/dz/Desktop/uni/SEM 7/TOOLS&SOFTWARE/ros2_project/ros2_ws/install/usb_cam/share/usb_cam/launch/camera.launch.py
[10.028s] -- Installing: /home/dz/Desktop/uni/SEM 7/TOOLS&SOFTWARE/ros2_project/ros2_ws/install/usb_cam/share/usb_cam/launch/__init__.py
[10.028s] -- Up-to-date: /home/dz/Desktop/uni/SEM 7/TOOLS&SOFTWARE/ros2_project/ros2_ws/install/usb_cam/share/usb_cam/config
[10.028s] -- Installing: /home/dz/Desktop/uni/SEM 7/TOOLS&SOFTWARE/ros2_project/ros2_ws/install/usb_cam/share/usb_cam/config/params_2.yaml
[10.028s] -- Installing: /home/dz/Desktop/uni/SEM 7/TOOLS&SOFTWARE/ros2_project/ros2_ws/install/usb_cam/share/usb_cam/config/camera_info.yaml
[10.028s] -- Installing: /home/dz/Desktop/uni/SEM 7/TOOLS&SOFTWARE/ros2_project/ros2_ws/install/usb_cam/share/usb_cam/config/params_1.yaml
[10.028s] -- Installing: /home/dz/Desktop/uni/SEM 7/TOOLS&SOFTWARE/ros2_project/ros2_ws/install/usb_cam/share/ament_index/resource_index/package_run_dependencies/usb_cam
[10.029s] -- Installing: /home/dz/Desktop/uni/SEM 7/TOOLS&SOFTWARE/ros2_project/ros2_ws/install/usb_cam/share/ament_index/resource_index/parent_prefix_path/usb_cam
[10.029s] -- Up-to-date: /home/dz/Desktop/uni/SEM 7/TOOLS&SOFTWARE/ros2_project/ros2_ws/install/usb_cam/share/usb_cam/environment/ament_prefix_path.sh
[10.029s] -- Installing: /home/dz/Desktop/uni/SEM 7/TOOLS&SOFTWARE/ros2_project/ros2_ws/install/usb_cam/share/usb_cam/environment/ament_prefix_path.dsv
[10.029s] -- Up-to-date: /home/dz/Desktop/uni/SEM 7/TOOLS&SOFTWARE/ros2_project/ros2_ws/install/usb_cam/share/usb_cam/environment/path.sh
[10.029s] -- Installing: /home/dz/Desktop/uni/SEM 7/TOOLS&SOFTWARE/ros2_project/ros2_ws/install/usb_cam/share/usb_cam/environment/path.dsv
[10.029s] -- Installing: /home/dz/Desktop/uni/SEM 7/TOOLS&SOFTWARE/ros2_project/ros2_ws/install/usb_cam/share/usb_cam/local_setup.bash
[10.029s] -- Installing: /home/dz/Desktop/uni/SEM 7/TOOLS&SOFTWARE/ros2_project/ros2_ws/install/usb_cam/share/usb_cam/local_setup.sh
[10.029s] -- Installing: /home/dz/Desktop/uni/SEM 7/TOOLS&SOFTWARE/ros2_project/ros2_ws/install/usb_cam/share/usb_cam/local_setup.zsh
[10.030s] -- Installing: /home/dz/Desktop/uni/SEM 7/TOOLS&SOFTWARE/ros2_project/ros2_ws/install/usb_cam/share/usb_cam/local_setup.dsv
[10.030s] -- Installing: /home/dz/Desktop/uni/SEM 7/TOOLS&SOFTWARE/ros2_project/ros2_ws/install/usb_cam/share/usb_cam/package.dsv
[10.030s] -- Installing: /home/dz/Desktop/uni/SEM 7/TOOLS&SOFTWARE/ros2_project/ros2_ws/install/usb_cam/share/ament_index/resource_index/packages/usb_cam
[10.030s] -- Installing: /home/dz/Desktop/uni/SEM 7/TOOLS&SOFTWARE/ros2_project/ros2_ws/install/usb_cam/share/ament_index/resource_index/rclcpp_components/usb_cam
[10.030s] -- Installing: /home/dz/Desktop/uni/SEM 7/TOOLS&SOFTWARE/ros2_project/ros2_ws/install/usb_cam/share/usb_cam/cmake/ament_cmake_export_libraries-extras.cmake
[10.030s] -- Installing: /home/dz/Desktop/uni/SEM 7/TOOLS&SOFTWARE/ros2_project/ros2_ws/install/usb_cam/share/usb_cam/cmake/ament_cmake_export_dependencies-extras.cmake
[10.031s] -- Installing: /home/dz/Desktop/uni/SEM 7/TOOLS&SOFTWARE/ros2_project/ros2_ws/install/usb_cam/share/usb_cam/cmake/ament_cmake_export_include_directories-extras.cmake
[10.031s] -- Installing: /home/dz/Desktop/uni/SEM 7/TOOLS&SOFTWARE/ros2_project/ros2_ws/install/usb_cam/share/usb_cam/cmake/usb_camConfig.cmake
[10.031s] -- Installing: /home/dz/Desktop/uni/SEM 7/TOOLS&SOFTWARE/ros2_project/ros2_ws/install/usb_cam/share/usb_cam/cmake/usb_camConfig-version.cmake
[10.031s] -- Installing: /home/dz/Desktop/uni/SEM 7/TOOLS&SOFTWARE/ros2_project/ros2_ws/install/usb_cam/share/usb_cam/package.xml
[10.033s] Invoked command in '/home/dz/Desktop/uni/SEM 7/TOOLS&SOFTWARE/ros2_project/ros2_ws/build/usb_cam' returned '0': CMAKE_PREFIX_PATH=${CMAKE_PREFIX_PATH}:/home/dz/Desktop/uni/SEM 7/TOOLS&SOFTWARE/ros2_project/ros2_ws/install/camera_test:/home/dz/Desktop/uni/SEM 7/TOOLS&SOFTWARE/ros2_project/ros2_ws/install/camera_driver:/opt/ros/jazzy DEBUGINFOD_URLS=https://debuginfod.ubuntu.com /usr/bin/cmake --install /home/dz/Desktop/uni/SEM 7/TOOLS&SOFTWARE/ros2_project/ros2_ws/build/usb_cam
