[0.557s] Invoking command in '/home/dz/Desktop/uni/SEM 7/TOOLS&SOFTWARE/ros2_project/ros2_ws/build/other_mssgs': CMAKE_PREFIX_PATH=${CMAKE_PREFIX_PATH}:/home/dz/Desktop/uni/SEM 7/TOOLS&SOFTWARE/ros2_project/ros2_ws/install/camera_test:/home/dz/Desktop/uni/SEM 7/TOOLS&SOFTWARE/ros2_project/ros2_ws/install/camera_driver:/opt/ros/jazzy DEBUGINFOD_URLS=https://debuginfod.ubuntu.com /usr/bin/cmake /home/dz/Desktop/uni/SEM 7/TOOLS&SOFTWARE/ros2_project/ros2_ws/src/other_mssgs -DCMAKE_INSTALL_PREFIX=/home/dz/Desktop/uni/SEM 7/TOOLS&SOFTWARE/ros2_project/ros2_ws/install/other_mssgs
[0.753s] -- The C compiler identification is GNU 13.3.0
[0.901s] -- The CXX compiler identification is GNU 13.3.0
[0.948s] -- Detecting C compiler ABI info
[1.174s] -- Detecting C compiler ABI info - done
[1.197s] -- Check for working C compiler: /usr/bin/cc - skipped
[1.202s] -- Detecting C compile features
[1.203s] -- Detecting C compile features - done
[1.226s] -- Detecting CXX compiler ABI info
[1.473s] -- Detecting CXX compiler ABI info - done
[1.497s] -- Check for working CXX compiler: /usr/bin/c++ - skipped
[1.498s] -- Detecting CXX compile features
[1.499s] -- Detecting CXX compile features - done
[1.509s] -- Found ament_cmake: 2.5.4 (/opt/ros/jazzy/share/ament_cmake/cmake)
[1.876s] -- Found Python3: /usr/bin/python3 (found version "3.12.3") found components: Interpreter 
[2.189s] [31mCMake Error at CMakeLists.txt:10 (find_package):
[2.189s]   By not providing "Findgeogemtry_msgs.cmake" in CMAKE_MODULE_PATH this
[2.190s]   project has asked CMake to find a package configuration file provided by
[2.190s]   "geogemtry_msgs", but CMake did not find one.
[2.190s] 
[2.190s]   Could not find a package configuration file provided by "geogemtry_msgs"
[2.190s]   with any of the following names:
[2.190s] 
[2.190s]     geogemtry_msgsConfig.cmake
[2.191s]     geogemtry_msgs-config.cmake
[2.191s] 
[2.191s]   Add the installation prefix of "geogemtry_msgs" to CMAKE_PREFIX_PATH or set
[2.191s]   "geogemtry_msgs_DIR" to a directory containing one of the above files.  If
[2.191s]   "geogemtry_msgs" provides a separate development package or SDK, be sure it
[2.191s]   has been installed.
[2.191s] 
[2.192s] [0m
[2.192s] -- Configuring incomplete, errors occurred!
[2.201s] Invoked command in '/home/dz/Desktop/uni/SEM 7/TOOLS&SOFTWARE/ros2_project/ros2_ws/build/other_mssgs' returned '1': CMAKE_PREFIX_PATH=${CMAKE_PREFIX_PATH}:/home/dz/Desktop/uni/SEM 7/TOOLS&SOFTWARE/ros2_project/ros2_ws/install/camera_test:/home/dz/Desktop/uni/SEM 7/TOOLS&SOFTWARE/ros2_project/ros2_ws/install/camera_driver:/opt/ros/jazzy DEBUGINFOD_URLS=https://debuginfod.ubuntu.com /usr/bin/cmake /home/dz/Desktop/uni/SEM 7/TOOLS&SOFTWARE/ros2_project/ros2_ws/src/other_mssgs -DCMAKE_INSTALL_PREFIX=/home/dz/Desktop/uni/SEM 7/TOOLS&SOFTWARE/ros2_project/ros2_ws/install/other_mssgs
