[2.065s] Invoking command in '/home/dz/Desktop/uni/SEM 7/TOOLS&SOFTWARE/ros2_project/ros2_ws/src/camera_driver': DEBUGINFOD_URLS=https://debuginfod.ubuntu.com PYTHONPATH=/home/dz/Desktop/uni/SEM 7/TOOLS&SOFTWARE/ros2_project/ros2_ws/build/camera_driver/prefix_override:/usr/lib/python3/dist-packages/colcon_core/task/python/colcon_distutils_commands:/home/dz/Desktop/uni/SEM 7/TOOLS&SOFTWARE/ros2_project/ros2_ws/install/camera_driver/lib/python3.12/site-packages:${PYTHONPATH} /usr/bin/python3 -W ignore:setup.py install is deprecated -W ignore:easy_install command is deprecated setup.py egg_info --egg-base ../../build/camera_driver build --build-base /home/dz/Desktop/uni/SEM 7/TOOLS&SOFTWARE/ros2_project/ros2_ws/build/camera_driver/build install --record /home/dz/Desktop/uni/SEM 7/TOOLS&SOFTWARE/ros2_project/ros2_ws/build/camera_driver/install.log --single-version-externally-managed install_data
[2.733s] running egg_info
[2.786s] writing ../../build/camera_driver/camera_driver.egg-info/PKG-INFO
[2.786s] writing dependency_links to ../../build/camera_driver/camera_driver.egg-info/dependency_links.txt
[2.787s] writing entry points to ../../build/camera_driver/camera_driver.egg-info/entry_points.txt
[2.787s] writing requirements to ../../build/camera_driver/camera_driver.egg-info/requires.txt
[2.787s] writing top-level names to ../../build/camera_driver/camera_driver.egg-info/top_level.txt
[2.895s] reading manifest file '../../build/camera_driver/camera_driver.egg-info/SOURCES.txt'
[2.897s] writing manifest file '../../build/camera_driver/camera_driver.egg-info/SOURCES.txt'
[2.898s] running build
[2.898s] running build_py
[2.898s] copying camera_driver/camera_node.py -> /home/dz/Desktop/uni/SEM 7/TOOLS&SOFTWARE/ros2_project/ros2_ws/build/camera_driver/build/lib/camera_driver
[2.899s] running install
[2.914s] running install_lib
[2.967s] copying /home/dz/Desktop/uni/SEM 7/TOOLS&SOFTWARE/ros2_project/ros2_ws/build/camera_driver/build/lib/camera_driver/camera_node.py -> /home/dz/Desktop/uni/SEM 7/TOOLS&SOFTWARE/ros2_project/ros2_ws/install/camera_driver/lib/python3.12/site-packages/camera_driver
[2.969s] byte-compiling /home/dz/Desktop/uni/SEM 7/TOOLS&SOFTWARE/ros2_project/ros2_ws/install/camera_driver/lib/python3.12/site-packages/camera_driver/camera_node.py to camera_node.cpython-312.pyc
[2.971s] running install_data
[2.971s] running install_egg_info
[3.026s] removing '/home/dz/Desktop/uni/SEM 7/TOOLS&SOFTWARE/ros2_project/ros2_ws/install/camera_driver/lib/python3.12/site-packages/camera_driver-0.0.0-py3.12.egg-info' (and everything under it)
[3.027s] Copying ../../build/camera_driver/camera_driver.egg-info to /home/dz/Desktop/uni/SEM 7/TOOLS&SOFTWARE/ros2_project/ros2_ws/install/camera_driver/lib/python3.12/site-packages/camera_driver-0.0.0-py3.12.egg-info
[3.029s] running install_scripts
[3.375s] Installing camera_node script to /home/dz/Desktop/uni/SEM 7/TOOLS&SOFTWARE/ros2_project/ros2_ws/install/camera_driver/lib/camera_driver
[3.375s] writing list of installed files to '/home/dz/Desktop/uni/SEM 7/TOOLS&SOFTWARE/ros2_project/ros2_ws/build/camera_driver/install.log'
[3.433s] Invoked command in '/home/dz/Desktop/uni/SEM 7/TOOLS&SOFTWARE/ros2_project/ros2_ws/src/camera_driver' returned '0': DEBUGINFOD_URLS=https://debuginfod.ubuntu.com PYTHONPATH=/home/dz/Desktop/uni/SEM 7/TOOLS&SOFTWARE/ros2_project/ros2_ws/build/camera_driver/prefix_override:/usr/lib/python3/dist-packages/colcon_core/task/python/colcon_distutils_commands:/home/dz/Desktop/uni/SEM 7/TOOLS&SOFTWARE/ros2_project/ros2_ws/install/camera_driver/lib/python3.12/site-packages:${PYTHONPATH} /usr/bin/python3 -W ignore:setup.py install is deprecated -W ignore:easy_install command is deprecated setup.py egg_info --egg-base ../../build/camera_driver build --build-base /home/dz/Desktop/uni/SEM 7/TOOLS&SOFTWARE/ros2_project/ros2_ws/build/camera_driver/build install --record /home/dz/Desktop/uni/SEM 7/TOOLS&SOFTWARE/ros2_project/ros2_ws/build/camera_driver/install.log --single-version-externally-managed install_data
