[0.268s] DEBUG:colcon:Command line arguments: ['/usr/bin/colcon', 'build']
[0.268s] DEBUG:colcon:Parsed command line arguments: Namespace(log_base=None, log_level=None, verb_name='build', build_base='build', install_base='install', merge_install=False, symlink_install=False, test_result_base=None, continue_on_error=False, executor='parallel', parallel_workers=12, event_handlers=None, ignore_user_meta=False, metas=['./colcon.meta'], base_paths=['.'], packages_ignore=None, packages_ignore_regex=None, paths=None, packages_up_to=None, packages_up_to_regex=None, packages_above=None, packages_above_and_dependencies=None, packages_above_depth=None, packages_select_by_dep=None, packages_skip_by_dep=None, packages_skip_up_to=None, packages_select_build_failed=False, packages_skip_build_finished=False, packages_select_test_failures=False, packages_skip_test_passed=False, packages_select=None, packages_skip=None, packages_select_regex=None, packages_skip_regex=None, packages_start=None, packages_end=None, allow_overriding=[], cmake_args=None, cmake_target=None, cmake_target_skip_unavailable=False, cmake_clean_cache=False, cmake_clean_first=False, cmake_force_configure=False, ament_cmake_args=None, catkin_cmake_args=None, catkin_skip_building_tests=False, mixin_files=None, mixin=None, verb_parser=<colcon_mixin.mixin.mixin_argument.MixinArgumentDecorator object at 0x78147e8edd60>, verb_extension=<colcon_core.verb.build.BuildVerb object at 0x78147dc88bf0>, main=<bound method BuildVerb.main of <colcon_core.verb.build.BuildVerb object at 0x78147dc88bf0>>, mixin_verb=('build',))
[0.368s] Level 1:colcon.colcon_core.package_discovery:discover_packages(colcon_meta) check parameters
[0.369s] Level 1:colcon.colcon_core.package_discovery:discover_packages(recursive) check parameters
[0.369s] Level 1:colcon.colcon_core.package_discovery:discover_packages(ignore) check parameters
[0.369s] Level 1:colcon.colcon_core.package_discovery:discover_packages(path) check parameters
[0.369s] Level 1:colcon.colcon_core.package_discovery:discover_packages(colcon_meta) discover
[0.369s] Level 1:colcon.colcon_core.package_discovery:discover_packages(recursive) discover
[0.369s] INFO:colcon.colcon_core.package_discovery:Crawling recursively for packages in '/home/dz/Desktop/uni/SEM 7/TOOLS&SOFTWARE/ros2_project/ros2_ws'
[0.369s] Level 1:colcon.colcon_core.package_identification:_identify(.) by extensions ['ignore', 'ignore_ament_install']
[0.369s] Level 1:colcon.colcon_core.package_identification:_identify(.) by extension 'ignore'
[0.369s] Level 1:colcon.colcon_core.package_identification:_identify(.) by extension 'ignore_ament_install'
[0.369s] Level 1:colcon.colcon_core.package_identification:_identify(.) by extensions ['colcon_pkg']
[0.369s] Level 1:colcon.colcon_core.package_identification:_identify(.) by extension 'colcon_pkg'
[0.369s] Level 1:colcon.colcon_core.package_identification:_identify(.) by extensions ['colcon_meta']
[0.369s] Level 1:colcon.colcon_core.package_identification:_identify(.) by extension 'colcon_meta'
[0.369s] Level 1:colcon.colcon_core.package_identification:_identify(.) by extensions ['ros']
[0.369s] Level 1:colcon.colcon_core.package_identification:_identify(.) by extension 'ros'
[0.421s] Level 1:colcon.colcon_core.package_identification:_identify(.) by extensions ['cmake', 'python']
[0.421s] Level 1:colcon.colcon_core.package_identification:_identify(.) by extension 'cmake'
[0.421s] Level 1:colcon.colcon_core.package_identification:_identify(.) by extension 'python'
[0.421s] Level 1:colcon.colcon_core.package_identification:_identify(.) by extensions ['python_setup_py']
[0.421s] Level 1:colcon.colcon_core.package_identification:_identify(.) by extension 'python_setup_py'
[0.421s] Level 1:colcon.colcon_core.package_identification:_identify(build) by extensions ['ignore', 'ignore_ament_install']
[0.421s] Level 1:colcon.colcon_core.package_identification:_identify(build) by extension 'ignore'
[0.421s] Level 1:colcon.colcon_core.package_identification:_identify(build) ignored
[0.422s] Level 1:colcon.colcon_core.package_identification:_identify(install) by extensions ['ignore', 'ignore_ament_install']
[0.422s] Level 1:colcon.colcon_core.package_identification:_identify(install) by extension 'ignore'
[0.422s] Level 1:colcon.colcon_core.package_identification:_identify(install) ignored
[0.422s] Level 1:colcon.colcon_core.package_identification:_identify(log) by extensions ['ignore', 'ignore_ament_install']
[0.422s] Level 1:colcon.colcon_core.package_identification:_identify(log) by extension 'ignore'
[0.422s] Level 1:colcon.colcon_core.package_identification:_identify(log) ignored
[0.422s] Level 1:colcon.colcon_core.package_identification:_identify(src) by extensions ['ignore', 'ignore_ament_install']
[0.422s] Level 1:colcon.colcon_core.package_identification:_identify(src) by extension 'ignore'
[0.422s] Level 1:colcon.colcon_core.package_identification:_identify(src) by extension 'ignore_ament_install'
[0.422s] Level 1:colcon.colcon_core.package_identification:_identify(src) by extensions ['colcon_pkg']
[0.422s] Level 1:colcon.colcon_core.package_identification:_identify(src) by extension 'colcon_pkg'
[0.423s] Level 1:colcon.colcon_core.package_identification:_identify(src) by extensions ['colcon_meta']
[0.423s] Level 1:colcon.colcon_core.package_identification:_identify(src) by extension 'colcon_meta'
[0.423s] Level 1:colcon.colcon_core.package_identification:_identify(src) by extensions ['ros']
[0.423s] Level 1:colcon.colcon_core.package_identification:_identify(src) by extension 'ros'
[0.423s] Level 1:colcon.colcon_core.package_identification:_identify(src) by extensions ['cmake', 'python']
[0.423s] Level 1:colcon.colcon_core.package_identification:_identify(src) by extension 'cmake'
[0.423s] Level 1:colcon.colcon_core.package_identification:_identify(src) by extension 'python'
[0.423s] Level 1:colcon.colcon_core.package_identification:_identify(src) by extensions ['python_setup_py']
[0.423s] Level 1:colcon.colcon_core.package_identification:_identify(src) by extension 'python_setup_py'
[0.423s] Level 1:colcon.colcon_core.package_identification:_identify(src/camera_driver) by extensions ['ignore', 'ignore_ament_install']
[0.423s] Level 1:colcon.colcon_core.package_identification:_identify(src/camera_driver) by extension 'ignore'
[0.424s] Level 1:colcon.colcon_core.package_identification:_identify(src/camera_driver) by extension 'ignore_ament_install'
[0.424s] Level 1:colcon.colcon_core.package_identification:_identify(src/camera_driver) by extensions ['colcon_pkg']
[0.424s] Level 1:colcon.colcon_core.package_identification:_identify(src/camera_driver) by extension 'colcon_pkg'
[0.424s] Level 1:colcon.colcon_core.package_identification:_identify(src/camera_driver) by extensions ['colcon_meta']
[0.424s] Level 1:colcon.colcon_core.package_identification:_identify(src/camera_driver) by extension 'colcon_meta'
[0.424s] Level 1:colcon.colcon_core.package_identification:_identify(src/camera_driver) by extensions ['ros']
[0.424s] Level 1:colcon.colcon_core.package_identification:_identify(src/camera_driver) by extension 'ros'
[0.429s] DEBUG:colcon.colcon_core.package_identification:Package 'src/camera_driver' with type 'ros.ament_python' and name 'camera_driver'
[0.429s] Level 1:colcon.colcon_core.package_identification:_identify(src/usb_cam) by extensions ['ignore', 'ignore_ament_install']
[0.429s] Level 1:colcon.colcon_core.package_identification:_identify(src/usb_cam) by extension 'ignore'
[0.429s] Level 1:colcon.colcon_core.package_identification:_identify(src/usb_cam) by extension 'ignore_ament_install'
[0.429s] Level 1:colcon.colcon_core.package_identification:_identify(src/usb_cam) by extensions ['colcon_pkg']
[0.429s] Level 1:colcon.colcon_core.package_identification:_identify(src/usb_cam) by extension 'colcon_pkg'
[0.429s] Level 1:colcon.colcon_core.package_identification:_identify(src/usb_cam) by extensions ['colcon_meta']
[0.429s] Level 1:colcon.colcon_core.package_identification:_identify(src/usb_cam) by extension 'colcon_meta'
[0.429s] Level 1:colcon.colcon_core.package_identification:_identify(src/usb_cam) by extensions ['ros']
[0.429s] Level 1:colcon.colcon_core.package_identification:_identify(src/usb_cam) by extension 'ros'
[0.432s] DEBUG:colcon.colcon_core.package_identification:Package 'src/usb_cam' with type 'ros.ament_cmake' and name 'usb_cam'
[0.432s] Level 1:colcon.colcon_core.package_discovery:discover_packages(recursive) using defaults
[0.432s] Level 1:colcon.colcon_core.package_discovery:discover_packages(ignore) discover
[0.432s] Level 1:colcon.colcon_core.package_discovery:discover_packages(ignore) using defaults
[0.432s] Level 1:colcon.colcon_core.package_discovery:discover_packages(path) discover
[0.432s] Level 1:colcon.colcon_core.package_discovery:discover_packages(path) using defaults
[0.471s] Level 1:colcon.colcon_core.package_discovery:discover_packages(prefix_path) check parameters
[0.471s] Level 1:colcon.colcon_core.package_discovery:discover_packages(prefix_path) discover
[0.476s] DEBUG:colcon.colcon_installed_package_information.package_discovery:Found 3 installed packages in /home/dz/Desktop/uni/SEM 7/TOOLS&SOFTWARE/ros2_project/ros2_ws/install
[0.480s] DEBUG:colcon.colcon_installed_package_information.package_discovery:Found 331 installed packages in /opt/ros/jazzy
[0.483s] Level 1:colcon.colcon_core.package_discovery:discover_packages(prefix_path) using defaults
[0.574s] Level 5:colcon.colcon_core.verb:set package 'camera_driver' build argument 'cmake_args' from command line to 'None'
[0.574s] Level 5:colcon.colcon_core.verb:set package 'camera_driver' build argument 'cmake_target' from command line to 'None'
[0.575s] Level 5:colcon.colcon_core.verb:set package 'camera_driver' build argument 'cmake_target_skip_unavailable' from command line to 'False'
[0.575s] Level 5:colcon.colcon_core.verb:set package 'camera_driver' build argument 'cmake_clean_cache' from command line to 'False'
[0.575s] Level 5:colcon.colcon_core.verb:set package 'camera_driver' build argument 'cmake_clean_first' from command line to 'False'
[0.575s] Level 5:colcon.colcon_core.verb:set package 'camera_driver' build argument 'cmake_force_configure' from command line to 'False'
[0.575s] Level 5:colcon.colcon_core.verb:set package 'camera_driver' build argument 'ament_cmake_args' from command line to 'None'
[0.575s] Level 5:colcon.colcon_core.verb:set package 'camera_driver' build argument 'catkin_cmake_args' from command line to 'None'
[0.575s] Level 5:colcon.colcon_core.verb:set package 'camera_driver' build argument 'catkin_skip_building_tests' from command line to 'False'
[0.575s] DEBUG:colcon.colcon_core.verb:Building package 'camera_driver' with the following arguments: {'ament_cmake_args': None, 'build_base': '/home/dz/Desktop/uni/SEM 7/TOOLS&SOFTWARE/ros2_project/ros2_ws/build/camera_driver', 'catkin_cmake_args': None, 'catkin_skip_building_tests': False, 'cmake_args': None, 'cmake_clean_cache': False, 'cmake_clean_first': False, 'cmake_force_configure': False, 'cmake_target': None, 'cmake_target_skip_unavailable': False, 'install_base': '/home/dz/Desktop/uni/SEM 7/TOOLS&SOFTWARE/ros2_project/ros2_ws/install/camera_driver', 'merge_install': False, 'path': '/home/dz/Desktop/uni/SEM 7/TOOLS&SOFTWARE/ros2_project/ros2_ws/src/camera_driver', 'symlink_install': False, 'test_result_base': None}
[0.575s] Level 5:colcon.colcon_core.verb:set package 'usb_cam' build argument 'cmake_args' from command line to 'None'
[0.576s] Level 5:colcon.colcon_core.verb:set package 'usb_cam' build argument 'cmake_target' from command line to 'None'
[0.576s] Level 5:colcon.colcon_core.verb:set package 'usb_cam' build argument 'cmake_target_skip_unavailable' from command line to 'False'
[0.576s] Level 5:colcon.colcon_core.verb:set package 'usb_cam' build argument 'cmake_clean_cache' from command line to 'False'
[0.576s] Level 5:colcon.colcon_core.verb:set package 'usb_cam' build argument 'cmake_clean_first' from command line to 'False'
[0.576s] Level 5:colcon.colcon_core.verb:set package 'usb_cam' build argument 'cmake_force_configure' from command line to 'False'
[0.576s] Level 5:colcon.colcon_core.verb:set package 'usb_cam' build argument 'ament_cmake_args' from command line to 'None'
[0.576s] Level 5:colcon.colcon_core.verb:set package 'usb_cam' build argument 'catkin_cmake_args' from command line to 'None'
[0.576s] Level 5:colcon.colcon_core.verb:set package 'usb_cam' build argument 'catkin_skip_building_tests' from command line to 'False'
[0.576s] DEBUG:colcon.colcon_core.verb:Building package 'usb_cam' with the following arguments: {'ament_cmake_args': None, 'build_base': '/home/dz/Desktop/uni/SEM 7/TOOLS&SOFTWARE/ros2_project/ros2_ws/build/usb_cam', 'catkin_cmake_args': None, 'catkin_skip_building_tests': False, 'cmake_args': None, 'cmake_clean_cache': False, 'cmake_clean_first': False, 'cmake_force_configure': False, 'cmake_target': None, 'cmake_target_skip_unavailable': False, 'install_base': '/home/dz/Desktop/uni/SEM 7/TOOLS&SOFTWARE/ros2_project/ros2_ws/install/usb_cam', 'merge_install': False, 'path': '/home/dz/Desktop/uni/SEM 7/TOOLS&SOFTWARE/ros2_project/ros2_ws/src/usb_cam', 'symlink_install': False, 'test_result_base': None}
[0.577s] INFO:colcon.colcon_core.executor:Executing jobs using 'parallel' executor
[0.578s] DEBUG:colcon.colcon_parallel_executor.executor.parallel:run_until_complete
[0.579s] INFO:colcon.colcon_ros.task.ament_python.build:Building ROS package in '/home/dz/Desktop/uni/SEM 7/TOOLS&SOFTWARE/ros2_project/ros2_ws/src/camera_driver' with build type 'ament_python'
[0.579s] Level 1:colcon.colcon_core.shell:create_environment_hook('camera_driver', 'ament_prefix_path')
[0.584s] INFO:colcon.colcon_core.plugin_system:Skipping extension 'colcon_core.shell.bat': Not used on non-Windows systems
[0.584s] INFO:colcon.colcon_core.shell:Creating environment hook '/home/dz/Desktop/uni/SEM 7/TOOLS&SOFTWARE/ros2_project/ros2_ws/install/camera_driver/share/camera_driver/hook/ament_prefix_path.ps1'
[0.585s] INFO:colcon.colcon_core.shell:Creating environment descriptor '/home/dz/Desktop/uni/SEM 7/TOOLS&SOFTWARE/ros2_project/ros2_ws/install/camera_driver/share/camera_driver/hook/ament_prefix_path.dsv'
[0.586s] INFO:colcon.colcon_core.shell:Creating environment hook '/home/dz/Desktop/uni/SEM 7/TOOLS&SOFTWARE/ros2_project/ros2_ws/install/camera_driver/share/camera_driver/hook/ament_prefix_path.sh'
[0.587s] INFO:colcon.colcon_core.shell:Skip shell extension 'powershell' for command environment: Not usable outside of PowerShell
[0.587s] DEBUG:colcon.colcon_core.shell:Skip shell extension 'dsv' for command environment
[0.593s] INFO:colcon.colcon_ros.task.ament_cmake.build:Building ROS package in '/home/dz/Desktop/uni/SEM 7/TOOLS&SOFTWARE/ros2_project/ros2_ws/src/usb_cam' with build type 'ament_cmake'
[0.593s] INFO:colcon.colcon_cmake.task.cmake.build:Building CMake package in '/home/dz/Desktop/uni/SEM 7/TOOLS&SOFTWARE/ros2_project/ros2_ws/src/usb_cam'
[0.593s] INFO:colcon.colcon_core.shell:Skip shell extension 'powershell' for command environment: Not usable outside of PowerShell
[0.593s] DEBUG:colcon.colcon_core.shell:Skip shell extension 'dsv' for command environment
[0.996s] INFO:colcon.colcon_core.task.python.build:Building Python package in '/home/dz/Desktop/uni/SEM 7/TOOLS&SOFTWARE/ros2_project/ros2_ws/src/camera_driver'
[0.997s] INFO:colcon.colcon_core.shell:Skip shell extension 'powershell' for command environment: Not usable outside of PowerShell
[0.997s] DEBUG:colcon.colcon_core.shell:Skip shell extension 'dsv' for command environment
[1.013s] DEBUG:colcon.colcon_core.event_handler.log_command:Invoking command in '/home/dz/Desktop/uni/SEM 7/TOOLS&SOFTWARE/ros2_project/ros2_ws/build/usb_cam': CMAKE_PREFIX_PATH=${CMAKE_PREFIX_PATH}:/home/dz/Desktop/uni/SEM 7/TOOLS&SOFTWARE/ros2_project/ros2_ws/install/camera_test:/home/dz/Desktop/uni/SEM 7/TOOLS&SOFTWARE/ros2_project/ros2_ws/install/camera_driver:/opt/ros/jazzy DEBUGINFOD_URLS=https://debuginfod.ubuntu.com /usr/bin/cmake --build /home/dz/Desktop/uni/SEM 7/TOOLS&SOFTWARE/ros2_project/ros2_ws/build/usb_cam -- -j12 -l12
[1.241s] DEBUG:colcon.colcon_core.event_handler.log_command:Invoked command in '/home/dz/Desktop/uni/SEM 7/TOOLS&SOFTWARE/ros2_project/ros2_ws/build/usb_cam' returned '0': CMAKE_PREFIX_PATH=${CMAKE_PREFIX_PATH}:/home/dz/Desktop/uni/SEM 7/TOOLS&SOFTWARE/ros2_project/ros2_ws/install/camera_test:/home/dz/Desktop/uni/SEM 7/TOOLS&SOFTWARE/ros2_project/ros2_ws/install/camera_driver:/opt/ros/jazzy DEBUGINFOD_URLS=https://debuginfod.ubuntu.com /usr/bin/cmake --build /home/dz/Desktop/uni/SEM 7/TOOLS&SOFTWARE/ros2_project/ros2_ws/build/usb_cam -- -j12 -l12
[1.263s] DEBUG:colcon.colcon_core.event_handler.log_command:Invoking command in '/home/dz/Desktop/uni/SEM 7/TOOLS&SOFTWARE/ros2_project/ros2_ws/build/usb_cam': CMAKE_PREFIX_PATH=${CMAKE_PREFIX_PATH}:/home/dz/Desktop/uni/SEM 7/TOOLS&SOFTWARE/ros2_project/ros2_ws/install/camera_test:/home/dz/Desktop/uni/SEM 7/TOOLS&SOFTWARE/ros2_project/ros2_ws/install/camera_driver:/opt/ros/jazzy DEBUGINFOD_URLS=https://debuginfod.ubuntu.com /usr/bin/cmake --install /home/dz/Desktop/uni/SEM 7/TOOLS&SOFTWARE/ros2_project/ros2_ws/build/usb_cam
[1.289s] Level 1:colcon.colcon_core.environment:create_environment_scripts_only(usb_cam)
[1.289s] DEBUG:colcon.colcon_core.event_handler.log_command:Invoked command in '/home/dz/Desktop/uni/SEM 7/TOOLS&SOFTWARE/ros2_project/ros2_ws/build/usb_cam' returned '0': CMAKE_PREFIX_PATH=${CMAKE_PREFIX_PATH}:/home/dz/Desktop/uni/SEM 7/TOOLS&SOFTWARE/ros2_project/ros2_ws/install/camera_test:/home/dz/Desktop/uni/SEM 7/TOOLS&SOFTWARE/ros2_project/ros2_ws/install/camera_driver:/opt/ros/jazzy DEBUGINFOD_URLS=https://debuginfod.ubuntu.com /usr/bin/cmake --install /home/dz/Desktop/uni/SEM 7/TOOLS&SOFTWARE/ros2_project/ros2_ws/build/usb_cam
[1.292s] Level 1:colcon.colcon_core.environment:checking '/home/dz/Desktop/uni/SEM 7/TOOLS&SOFTWARE/ros2_project/ros2_ws/install/usb_cam' for CMake module files
[1.293s] Level 1:colcon.colcon_core.environment:checking '/home/dz/Desktop/uni/SEM 7/TOOLS&SOFTWARE/ros2_project/ros2_ws/install/usb_cam' for CMake config files
[1.294s] Level 1:colcon.colcon_core.shell:create_environment_hook('usb_cam', 'cmake_prefix_path')
[1.294s] INFO:colcon.colcon_core.shell:Creating environment hook '/home/dz/Desktop/uni/SEM 7/TOOLS&SOFTWARE/ros2_project/ros2_ws/install/usb_cam/share/usb_cam/hook/cmake_prefix_path.ps1'
[1.294s] INFO:colcon.colcon_core.shell:Creating environment descriptor '/home/dz/Desktop/uni/SEM 7/TOOLS&SOFTWARE/ros2_project/ros2_ws/install/usb_cam/share/usb_cam/hook/cmake_prefix_path.dsv'
[1.295s] INFO:colcon.colcon_core.shell:Creating environment hook '/home/dz/Desktop/uni/SEM 7/TOOLS&SOFTWARE/ros2_project/ros2_ws/install/usb_cam/share/usb_cam/hook/cmake_prefix_path.sh'
[1.297s] Level 1:colcon.colcon_core.environment:checking '/home/dz/Desktop/uni/SEM 7/TOOLS&SOFTWARE/ros2_project/ros2_ws/install/usb_cam/lib'
[1.297s] Level 1:colcon.colcon_core.shell:create_environment_hook('usb_cam', 'ld_library_path_lib')
[1.297s] INFO:colcon.colcon_core.shell:Creating environment hook '/home/dz/Desktop/uni/SEM 7/TOOLS&SOFTWARE/ros2_project/ros2_ws/install/usb_cam/share/usb_cam/hook/ld_library_path_lib.ps1'
[1.298s] INFO:colcon.colcon_core.shell:Creating environment descriptor '/home/dz/Desktop/uni/SEM 7/TOOLS&SOFTWARE/ros2_project/ros2_ws/install/usb_cam/share/usb_cam/hook/ld_library_path_lib.dsv'
[1.299s] INFO:colcon.colcon_core.shell:Creating environment hook '/home/dz/Desktop/uni/SEM 7/TOOLS&SOFTWARE/ros2_project/ros2_ws/install/usb_cam/share/usb_cam/hook/ld_library_path_lib.sh'
[1.300s] Level 1:colcon.colcon_core.environment:checking '/home/dz/Desktop/uni/SEM 7/TOOLS&SOFTWARE/ros2_project/ros2_ws/install/usb_cam/bin'
[1.300s] Level 1:colcon.colcon_core.environment:checking '/home/dz/Desktop/uni/SEM 7/TOOLS&SOFTWARE/ros2_project/ros2_ws/install/usb_cam/lib/pkgconfig/usb_cam.pc'
[1.301s] Level 1:colcon.colcon_core.environment:checking '/home/dz/Desktop/uni/SEM 7/TOOLS&SOFTWARE/ros2_project/ros2_ws/install/usb_cam/lib/python3.12/site-packages'
[1.301s] Level 1:colcon.colcon_core.environment:checking '/home/dz/Desktop/uni/SEM 7/TOOLS&SOFTWARE/ros2_project/ros2_ws/install/usb_cam/bin'
[1.302s] INFO:colcon.colcon_core.shell:Creating package script '/home/dz/Desktop/uni/SEM 7/TOOLS&SOFTWARE/ros2_project/ros2_ws/install/usb_cam/share/usb_cam/package.ps1'
[1.303s] INFO:colcon.colcon_core.shell:Creating package descriptor '/home/dz/Desktop/uni/SEM 7/TOOLS&SOFTWARE/ros2_project/ros2_ws/install/usb_cam/share/usb_cam/package.dsv'
[1.305s] INFO:colcon.colcon_core.shell:Creating package script '/home/dz/Desktop/uni/SEM 7/TOOLS&SOFTWARE/ros2_project/ros2_ws/install/usb_cam/share/usb_cam/package.sh'
[1.306s] INFO:colcon.colcon_core.shell:Creating package script '/home/dz/Desktop/uni/SEM 7/TOOLS&SOFTWARE/ros2_project/ros2_ws/install/usb_cam/share/usb_cam/package.bash'
[1.308s] INFO:colcon.colcon_core.shell:Creating package script '/home/dz/Desktop/uni/SEM 7/TOOLS&SOFTWARE/ros2_project/ros2_ws/install/usb_cam/share/usb_cam/package.zsh'
[1.309s] Level 1:colcon.colcon_core.environment:create_file_with_runtime_dependencies(/home/dz/Desktop/uni/SEM 7/TOOLS&SOFTWARE/ros2_project/ros2_ws/install/usb_cam/share/colcon-core/packages/usb_cam)
[1.310s] Level 1:colcon.colcon_core.environment:create_environment_scripts_only(usb_cam)
[1.311s] Level 1:colcon.colcon_core.environment:checking '/home/dz/Desktop/uni/SEM 7/TOOLS&SOFTWARE/ros2_project/ros2_ws/install/usb_cam' for CMake module files
[1.312s] Level 1:colcon.colcon_core.environment:checking '/home/dz/Desktop/uni/SEM 7/TOOLS&SOFTWARE/ros2_project/ros2_ws/install/usb_cam' for CMake config files
[1.312s] Level 1:colcon.colcon_core.shell:create_environment_hook('usb_cam', 'cmake_prefix_path')
[1.313s] INFO:colcon.colcon_core.shell:Creating environment hook '/home/dz/Desktop/uni/SEM 7/TOOLS&SOFTWARE/ros2_project/ros2_ws/install/usb_cam/share/usb_cam/hook/cmake_prefix_path.ps1'
[1.314s] INFO:colcon.colcon_core.shell:Creating environment descriptor '/home/dz/Desktop/uni/SEM 7/TOOLS&SOFTWARE/ros2_project/ros2_ws/install/usb_cam/share/usb_cam/hook/cmake_prefix_path.dsv'
[1.314s] INFO:colcon.colcon_core.shell:Creating environment hook '/home/dz/Desktop/uni/SEM 7/TOOLS&SOFTWARE/ros2_project/ros2_ws/install/usb_cam/share/usb_cam/hook/cmake_prefix_path.sh'
[1.316s] Level 1:colcon.colcon_core.environment:checking '/home/dz/Desktop/uni/SEM 7/TOOLS&SOFTWARE/ros2_project/ros2_ws/install/usb_cam/lib'
[1.316s] Level 1:colcon.colcon_core.shell:create_environment_hook('usb_cam', 'ld_library_path_lib')
[1.316s] INFO:colcon.colcon_core.shell:Creating environment hook '/home/dz/Desktop/uni/SEM 7/TOOLS&SOFTWARE/ros2_project/ros2_ws/install/usb_cam/share/usb_cam/hook/ld_library_path_lib.ps1'
[1.317s] INFO:colcon.colcon_core.shell:Creating environment descriptor '/home/dz/Desktop/uni/SEM 7/TOOLS&SOFTWARE/ros2_project/ros2_ws/install/usb_cam/share/usb_cam/hook/ld_library_path_lib.dsv'
[1.318s] INFO:colcon.colcon_core.shell:Creating environment hook '/home/dz/Desktop/uni/SEM 7/TOOLS&SOFTWARE/ros2_project/ros2_ws/install/usb_cam/share/usb_cam/hook/ld_library_path_lib.sh'
[1.319s] Level 1:colcon.colcon_core.environment:checking '/home/dz/Desktop/uni/SEM 7/TOOLS&SOFTWARE/ros2_project/ros2_ws/install/usb_cam/bin'
[1.319s] Level 1:colcon.colcon_core.environment:checking '/home/dz/Desktop/uni/SEM 7/TOOLS&SOFTWARE/ros2_project/ros2_ws/install/usb_cam/lib/pkgconfig/usb_cam.pc'
[1.319s] Level 1:colcon.colcon_core.environment:checking '/home/dz/Desktop/uni/SEM 7/TOOLS&SOFTWARE/ros2_project/ros2_ws/install/usb_cam/lib/python3.12/site-packages'
[1.320s] Level 1:colcon.colcon_core.environment:checking '/home/dz/Desktop/uni/SEM 7/TOOLS&SOFTWARE/ros2_project/ros2_ws/install/usb_cam/bin'
[1.321s] INFO:colcon.colcon_core.shell:Creating package script '/home/dz/Desktop/uni/SEM 7/TOOLS&SOFTWARE/ros2_project/ros2_ws/install/usb_cam/share/usb_cam/package.ps1'
[1.322s] INFO:colcon.colcon_core.shell:Creating package descriptor '/home/dz/Desktop/uni/SEM 7/TOOLS&SOFTWARE/ros2_project/ros2_ws/install/usb_cam/share/usb_cam/package.dsv'
[1.323s] INFO:colcon.colcon_core.shell:Creating package script '/home/dz/Desktop/uni/SEM 7/TOOLS&SOFTWARE/ros2_project/ros2_ws/install/usb_cam/share/usb_cam/package.sh'
[1.324s] INFO:colcon.colcon_core.shell:Creating package script '/home/dz/Desktop/uni/SEM 7/TOOLS&SOFTWARE/ros2_project/ros2_ws/install/usb_cam/share/usb_cam/package.bash'
[1.325s] INFO:colcon.colcon_core.shell:Creating package script '/home/dz/Desktop/uni/SEM 7/TOOLS&SOFTWARE/ros2_project/ros2_ws/install/usb_cam/share/usb_cam/package.zsh'
[1.326s] Level 1:colcon.colcon_core.environment:create_file_with_runtime_dependencies(/home/dz/Desktop/uni/SEM 7/TOOLS&SOFTWARE/ros2_project/ros2_ws/install/usb_cam/share/colcon-core/packages/usb_cam)
[2.440s] DEBUG:colcon.colcon_core.event_handler.log_command:Invoking command in '/home/dz/Desktop/uni/SEM 7/TOOLS&SOFTWARE/ros2_project/ros2_ws/src/camera_driver': DEBUGINFOD_URLS=https://debuginfod.ubuntu.com PYTHONPATH=/home/dz/Desktop/uni/SEM 7/TOOLS&SOFTWARE/ros2_project/ros2_ws/build/camera_driver/prefix_override:/usr/lib/python3/dist-packages/colcon_core/task/python/colcon_distutils_commands:/home/dz/Desktop/uni/SEM 7/TOOLS&SOFTWARE/ros2_project/ros2_ws/install/camera_driver/lib/python3.12/site-packages:${PYTHONPATH} /usr/bin/python3 -W ignore:setup.py install is deprecated -W ignore:easy_install command is deprecated setup.py egg_info --egg-base ../../build/camera_driver build --build-base /home/dz/Desktop/uni/SEM 7/TOOLS&SOFTWARE/ros2_project/ros2_ws/build/camera_driver/build install --record /home/dz/Desktop/uni/SEM 7/TOOLS&SOFTWARE/ros2_project/ros2_ws/build/camera_driver/install.log --single-version-externally-managed install_data
[3.666s] Level 1:colcon.colcon_core.environment:checking '/home/dz/Desktop/uni/SEM 7/TOOLS&SOFTWARE/ros2_project/ros2_ws/install/camera_driver' for CMake module files
[3.668s] DEBUG:colcon.colcon_core.event_handler.log_command:Invoked command in '/home/dz/Desktop/uni/SEM 7/TOOLS&SOFTWARE/ros2_project/ros2_ws/src/camera_driver' returned '0': DEBUGINFOD_URLS=https://debuginfod.ubuntu.com PYTHONPATH=/home/dz/Desktop/uni/SEM 7/TOOLS&SOFTWARE/ros2_project/ros2_ws/build/camera_driver/prefix_override:/usr/lib/python3/dist-packages/colcon_core/task/python/colcon_distutils_commands:/home/dz/Desktop/uni/SEM 7/TOOLS&SOFTWARE/ros2_project/ros2_ws/install/camera_driver/lib/python3.12/site-packages:${PYTHONPATH} /usr/bin/python3 -W ignore:setup.py install is deprecated -W ignore:easy_install command is deprecated setup.py egg_info --egg-base ../../build/camera_driver build --build-base /home/dz/Desktop/uni/SEM 7/TOOLS&SOFTWARE/ros2_project/ros2_ws/build/camera_driver/build install --record /home/dz/Desktop/uni/SEM 7/TOOLS&SOFTWARE/ros2_project/ros2_ws/build/camera_driver/install.log --single-version-externally-managed install_data
[3.669s] Level 1:colcon.colcon_core.environment:checking '/home/dz/Desktop/uni/SEM 7/TOOLS&SOFTWARE/ros2_project/ros2_ws/install/camera_driver' for CMake config files
[3.670s] Level 1:colcon.colcon_core.environment:checking '/home/dz/Desktop/uni/SEM 7/TOOLS&SOFTWARE/ros2_project/ros2_ws/install/camera_driver/lib'
[3.670s] Level 1:colcon.colcon_core.environment:checking '/home/dz/Desktop/uni/SEM 7/TOOLS&SOFTWARE/ros2_project/ros2_ws/install/camera_driver/bin'
[3.670s] Level 1:colcon.colcon_core.environment:checking '/home/dz/Desktop/uni/SEM 7/TOOLS&SOFTWARE/ros2_project/ros2_ws/install/camera_driver/lib/pkgconfig/camera_driver.pc'
[3.671s] Level 1:colcon.colcon_core.environment:checking '/home/dz/Desktop/uni/SEM 7/TOOLS&SOFTWARE/ros2_project/ros2_ws/install/camera_driver/lib/python3.12/site-packages'
[3.671s] Level 1:colcon.colcon_core.shell:create_environment_hook('camera_driver', 'pythonpath')
[3.671s] INFO:colcon.colcon_core.shell:Creating environment hook '/home/dz/Desktop/uni/SEM 7/TOOLS&SOFTWARE/ros2_project/ros2_ws/install/camera_driver/share/camera_driver/hook/pythonpath.ps1'
[3.672s] INFO:colcon.colcon_core.shell:Creating environment descriptor '/home/dz/Desktop/uni/SEM 7/TOOLS&SOFTWARE/ros2_project/ros2_ws/install/camera_driver/share/camera_driver/hook/pythonpath.dsv'
[3.673s] INFO:colcon.colcon_core.shell:Creating environment hook '/home/dz/Desktop/uni/SEM 7/TOOLS&SOFTWARE/ros2_project/ros2_ws/install/camera_driver/share/camera_driver/hook/pythonpath.sh'
[3.675s] Level 1:colcon.colcon_core.environment:checking '/home/dz/Desktop/uni/SEM 7/TOOLS&SOFTWARE/ros2_project/ros2_ws/install/camera_driver/bin'
[3.675s] Level 1:colcon.colcon_core.environment:create_environment_scripts_only(camera_driver)
[3.675s] INFO:colcon.colcon_core.shell:Creating package script '/home/dz/Desktop/uni/SEM 7/TOOLS&SOFTWARE/ros2_project/ros2_ws/install/camera_driver/share/camera_driver/package.ps1'
[3.677s] INFO:colcon.colcon_core.shell:Creating package descriptor '/home/dz/Desktop/uni/SEM 7/TOOLS&SOFTWARE/ros2_project/ros2_ws/install/camera_driver/share/camera_driver/package.dsv'
[3.678s] INFO:colcon.colcon_core.shell:Creating package script '/home/dz/Desktop/uni/SEM 7/TOOLS&SOFTWARE/ros2_project/ros2_ws/install/camera_driver/share/camera_driver/package.sh'
[3.679s] INFO:colcon.colcon_core.shell:Creating package script '/home/dz/Desktop/uni/SEM 7/TOOLS&SOFTWARE/ros2_project/ros2_ws/install/camera_driver/share/camera_driver/package.bash'
[3.679s] INFO:colcon.colcon_core.shell:Creating package script '/home/dz/Desktop/uni/SEM 7/TOOLS&SOFTWARE/ros2_project/ros2_ws/install/camera_driver/share/camera_driver/package.zsh'
[3.680s] Level 1:colcon.colcon_core.environment:create_file_with_runtime_dependencies(/home/dz/Desktop/uni/SEM 7/TOOLS&SOFTWARE/ros2_project/ros2_ws/install/camera_driver/share/colcon-core/packages/camera_driver)
[3.681s] DEBUG:colcon.colcon_parallel_executor.executor.parallel:closing loop
[3.682s] DEBUG:colcon.colcon_parallel_executor.executor.parallel:loop closed
[3.682s] DEBUG:colcon.colcon_parallel_executor.executor.parallel:run_until_complete finished with '0'
[3.682s] DEBUG:colcon.colcon_core.event_reactor:joining thread
[3.694s] INFO:colcon.colcon_core.plugin_system:Skipping extension 'colcon_notification.desktop_notification.terminal_notifier': Not used on non-Darwin systems
[3.694s] INFO:colcon.colcon_core.plugin_system:Skipping extension 'colcon_notification.desktop_notification.win32': Not used on non-Windows systems
[3.694s] INFO:colcon.colcon_notification.desktop_notification:Sending desktop notification using 'notify2'
[3.719s] DEBUG:colcon.colcon_core.event_reactor:joined thread
[3.720s] INFO:colcon.colcon_core.shell:Creating prefix script '/home/dz/Desktop/uni/SEM 7/TOOLS&SOFTWARE/ros2_project/ros2_ws/install/local_setup.ps1'
[3.722s] INFO:colcon.colcon_core.shell:Creating prefix util module '/home/dz/Desktop/uni/SEM 7/TOOLS&SOFTWARE/ros2_project/ros2_ws/install/_local_setup_util_ps1.py'
[3.724s] INFO:colcon.colcon_core.shell:Creating prefix chain script '/home/dz/Desktop/uni/SEM 7/TOOLS&SOFTWARE/ros2_project/ros2_ws/install/setup.ps1'
[3.726s] INFO:colcon.colcon_core.shell:Creating prefix script '/home/dz/Desktop/uni/SEM 7/TOOLS&SOFTWARE/ros2_project/ros2_ws/install/local_setup.sh'
[3.727s] INFO:colcon.colcon_core.shell:Creating prefix util module '/home/dz/Desktop/uni/SEM 7/TOOLS&SOFTWARE/ros2_project/ros2_ws/install/_local_setup_util_sh.py'
[3.729s] INFO:colcon.colcon_core.shell:Creating prefix chain script '/home/dz/Desktop/uni/SEM 7/TOOLS&SOFTWARE/ros2_project/ros2_ws/install/setup.sh'
[3.731s] INFO:colcon.colcon_core.shell:Creating prefix script '/home/dz/Desktop/uni/SEM 7/TOOLS&SOFTWARE/ros2_project/ros2_ws/install/local_setup.bash'
[3.732s] INFO:colcon.colcon_core.shell:Creating prefix chain script '/home/dz/Desktop/uni/SEM 7/TOOLS&SOFTWARE/ros2_project/ros2_ws/install/setup.bash'
[3.734s] INFO:colcon.colcon_core.shell:Creating prefix script '/home/dz/Desktop/uni/SEM 7/TOOLS&SOFTWARE/ros2_project/ros2_ws/install/local_setup.zsh'
[3.735s] INFO:colcon.colcon_core.shell:Creating prefix chain script '/home/dz/Desktop/uni/SEM 7/TOOLS&SOFTWARE/ros2_project/ros2_ws/install/setup.zsh'
