[1.993s] Invoking command in '/home/dz/Desktop/uni/SEM 7/TOOLS&SOFTWARE/ros2_project/ros2_ws/src/camera_driver': DEBUGINFOD_URLS=https://debuginfod.ubuntu.com PYTHONPATH=/home/dz/Desktop/uni/SEM 7/TOOLS&SOFTWARE/ros2_project/ros2_ws/build/camera_driver/prefix_override:/usr/lib/python3/dist-packages/colcon_core/task/python/colcon_distutils_commands:/home/dz/Desktop/uni/SEM 7/TOOLS&SOFTWARE/ros2_project/ros2_ws/install/camera_driver/lib/python3.12/site-packages:${PYTHONPATH} /usr/bin/python3 -W ignore:setup.py install is deprecated -W ignore:easy_install command is deprecated setup.py egg_info --egg-base ../../build/camera_driver build --build-base /home/dz/Desktop/uni/SEM 7/TOOLS&SOFTWARE/ros2_project/ros2_ws/build/camera_driver/build install --record /home/dz/Desktop/uni/SEM 7/TOOLS&SOFTWARE/ros2_project/ros2_ws/build/camera_driver/install.log --single-version-externally-managed install_data
[2.663s] running egg_info
[2.715s] writing ../../build/camera_driver/camera_driver.egg-info/PKG-INFO
[2.715s] writing dependency_links to ../../build/camera_driver/camera_driver.egg-info/dependency_links.txt
[2.716s] writing entry points to ../../build/camera_driver/camera_driver.egg-info/entry_points.txt
[2.716s] writing requirements to ../../build/camera_driver/camera_driver.egg-info/requires.txt
[2.716s] writing top-level names to ../../build/camera_driver/camera_driver.egg-info/top_level.txt
[2.822s] reading manifest file '../../build/camera_driver/camera_driver.egg-info/SOURCES.txt'
[2.824s] writing manifest file '../../build/camera_driver/camera_driver.egg-info/SOURCES.txt'
[2.824s] running build
[2.825s] running build_py
[2.825s] copying camera_driver/camera_node.py -> /home/dz/Desktop/uni/SEM 7/TOOLS&SOFTWARE/ros2_project/ros2_ws/build/camera_driver/build/lib/camera_driver
[2.826s] running install
[2.840s] running install_lib
[2.893s] copying /home/dz/Desktop/uni/SEM 7/TOOLS&SOFTWARE/ros2_project/ros2_ws/build/camera_driver/build/lib/camera_driver/camera_node.py -> /home/dz/Desktop/uni/SEM 7/TOOLS&SOFTWARE/ros2_project/ros2_ws/install/camera_driver/lib/python3.12/site-packages/camera_driver
[2.894s] byte-compiling /home/dz/Desktop/uni/SEM 7/TOOLS&SOFTWARE/ros2_project/ros2_ws/install/camera_driver/lib/python3.12/site-packages/camera_driver/camera_node.py to camera_node.cpython-312.pyc
[2.897s] running install_data
[2.897s] running install_egg_info
[2.954s] removing '/home/dz/Desktop/uni/SEM 7/TOOLS&SOFTWARE/ros2_project/ros2_ws/install/camera_driver/lib/python3.12/site-packages/camera_driver-0.0.0-py3.12.egg-info' (and everything under it)
[2.955s] Copying ../../build/camera_driver/camera_driver.egg-info to /home/dz/Desktop/uni/SEM 7/TOOLS&SOFTWARE/ros2_project/ros2_ws/install/camera_driver/lib/python3.12/site-packages/camera_driver-0.0.0-py3.12.egg-info
[2.958s] running install_scripts
[3.315s] Installing camera_node script to /home/dz/Desktop/uni/SEM 7/TOOLS&SOFTWARE/ros2_project/ros2_ws/install/camera_driver/lib/camera_driver
[3.315s] writing list of installed files to '/home/dz/Desktop/uni/SEM 7/TOOLS&SOFTWARE/ros2_project/ros2_ws/build/camera_driver/install.log'
[3.373s] Invoked command in '/home/dz/Desktop/uni/SEM 7/TOOLS&SOFTWARE/ros2_project/ros2_ws/src/camera_driver' returned '0': DEBUGINFOD_URLS=https://debuginfod.ubuntu.com PYTHONPATH=/home/dz/Desktop/uni/SEM 7/TOOLS&SOFTWARE/ros2_project/ros2_ws/build/camera_driver/prefix_override:/usr/lib/python3/dist-packages/colcon_core/task/python/colcon_distutils_commands:/home/dz/Desktop/uni/SEM 7/TOOLS&SOFTWARE/ros2_project/ros2_ws/install/camera_driver/lib/python3.12/site-packages:${PYTHONPATH} /usr/bin/python3 -W ignore:setup.py install is deprecated -W ignore:easy_install command is deprecated setup.py egg_info --egg-base ../../build/camera_driver build --build-base /home/dz/Desktop/uni/SEM 7/TOOLS&SOFTWARE/ros2_project/ros2_ws/build/camera_driver/build install --record /home/dz/Desktop/uni/SEM 7/TOOLS&SOFTWARE/ros2_project/ros2_ws/build/camera_driver/install.log --single-version-externally-managed install_data
